\BOOKMARK [1][-]{section.1}{\376\377\000O\000b\000j\000e\000c\000t\000i\000f\000s\000\040\000d\000u\000\040\000m\000i\000n\000i\000-\000p\000r\000o\000j\000e\000t}{}% 1
\BOOKMARK [1][-]{section.2}{\376\377\000D\000\351\000r\000o\000u\000l\000e\000m\000e\000n\000t\000\040\000d\000u\000\040\000b\000l\000o\000c}{}% 2
\BOOKMARK [2][-]{subsection.2.1}{\376\377\000S\000\351\000a\000n\000c\000e\000\040\0001\000\040\000/\000\040\000M\000B\000E\000D\000\040\000e\000t\000\040\000N\000u\000c\000l\000\351\000o\000-\000S\000T\000M\0003\0002\000\040\000\050\000s\000a\000n\000s\000\040\000m\000a\000q\000u\000e\000t\000t\000e\000\040\000!\000!\000\051}{section.2}% 3
\BOOKMARK [2][-]{subsection.2.2}{\376\377\000S\000\351\000a\000n\000c\000e\000\040\0002\000\040\000/\000\040\000P\000r\000i\000s\000e\000\040\000e\000n\000\040\000m\000a\000i\000n\000\040\000d\000e\000\040\000l\000a\000\040\000m\000a\000q\000u\000e\000t\000t\000e\000\040\000e\000t\000\040\000a\000u\000t\000o\000m\000a\000t\000i\000s\000a\000t\000i\000o\000n\000\040\000d\000e\000\040\000l\000a\000\040\000m\000e\000s\000u\000r\000e}{section.2}% 4
\BOOKMARK [2][-]{subsection.2.3}{\376\377\000S\000\351\000a\000n\000c\000e\000\040\0003\000\040\000/\000\040\000M\000i\000s\000e\000\040\000e\000n\000\040\000p\000l\000a\000c\000e\000\040\000d\000'\000u\000n\000\040\000p\000r\000o\000t\000o\000c\000o\000l\000e\000\040\000d\000e\000\040\000c\000o\000m\000m\000u\000n\000i\000c\000a\000t\000i\000o\000n}{section.2}% 5
\BOOKMARK [2][-]{subsection.2.4}{\376\377\000S\000\351\000a\000n\000c\000e\000\040\0004\000\040\000/\000\040\000A\000p\000p\000l\000i\000c\000a\000t\000i\000o\000n\000\040\000c\000o\000m\000p\000l\000\350\000t\000e}{section.2}% 6
\BOOKMARK [1][-]{section.3}{\376\377\000D\000I\000S\000C\000\040\000/\000\040\000A\000c\000c\000u\000m\000u\000l\000a\000t\000i\000o\000n\000\040\000d\000e\000\040\000p\000r\000e\000u\000v\000e\000s}{}% 7
\BOOKMARK [2][-]{subsection.3.1}{\376\377\000T\000r\000a\000v\000a\000i\000l\000\040\000\340\000\040\000r\000\351\000a\000l\000i\000s\000e\000r}{section.3}% 8
\BOOKMARK [1][-]{section.4}{\376\377\000O\000b\000j\000e\000c\000t\000i\000f\000s\000\040\000d\000e\000\040\000l\000a\000\040\000s\000\351\000a\000n\000c\000e}{}% 9
\BOOKMARK [1][-]{section.5}{\376\377\000D\000e\000s\000c\000r\000i\000p\000t\000i\000o\000n\000\040\000d\000e\000\040\000l\000a\000\040\000m\000a\000q\000u\000e\000t\000t\000e}{}% 10
\BOOKMARK [2][-]{subsection.5.1}{\376\377\000A\000l\000i\000m\000e\000n\000t\000a\000t\000i\000o\000n\000\040\000\351\000l\000e\000c\000t\000r\000i\000q\000u\000e}{section.5}% 11
\BOOKMARK [2][-]{subsection.5.2}{\376\377\000B\000r\000o\000c\000h\000a\000g\000e}{section.5}% 12
\BOOKMARK [1][-]{section.6}{\376\377\000E\000t\000a\000p\000e\000\040\0007\000\040\000/\000\040\000P\000i\000l\000o\000t\000e\000r\000\040\000l\000'\000i\000n\000t\000e\000n\000s\000i\000t\000\351\000\040\000d\000e\000s\000\040\000L\000E\000D\000s\000\040\000d\000e\000\040\000l\000a\000\040\000m\000a\000q\000u\000e\000t\000t\000e}{}% 13
\BOOKMARK [1][-]{section.7}{\376\377\000E\000t\000a\000p\000e\000\040\0008\000\040\000/\000\040\000P\000i\000l\000o\000t\000e\000r\000\040\000l\000e\000\040\000s\000e\000r\000v\000o\000m\000o\000t\000e\000u\000r\000\040\000d\000e\000\040\000l\000a\000\040\000m\000a\000q\000u\000e\000t\000t\000e}{}% 14
\BOOKMARK [2][-]{subsection.7.1}{\376\377\000T\000r\000a\000v\000a\000i\000l\000\040\000\340\000\040\000r\000\351\000a\000l\000i\000s\000e\000r}{section.7}% 15
\BOOKMARK [1][-]{section.8}{\376\377\000E\000t\000a\000p\000e\000\040\0009\000\040\000/\000\040\000D\000\351\000f\000i\000n\000i\000r\000\040\000e\000t\000\040\000t\000e\000s\000t\000e\000r\000\040\000u\000n\000e\000\040\000p\000r\000e\000m\000i\000\350\000r\000e\000\040\000s\000t\000r\000u\000c\000t\000u\000r\000e\000\040\000d\000e\000\040\000c\000o\000d\000e}{}% 16
\BOOKMARK [1][-]{section.9}{\376\377\000E\000t\000a\000p\000e\000\040\0001\0000\000\040\000/\000\040\000R\000\351\000c\000u\000p\000\351\000r\000e\000r\000\040\000l\000e\000s\000\040\000d\000o\000n\000n\000\351\000e\000s\000\040\000\340\000\040\000l\000'\000a\000i\000d\000e\000\040\000d\000'\000u\000n\000e\000\040\000l\000i\000a\000i\000s\000o\000n\000\040\000S\000\351\000r\000i\000e}{}% 17
\BOOKMARK [2][-]{subsection.9.1}{\376\377\000T\000r\000a\000n\000s\000m\000i\000s\000s\000i\000o\000n\000\040\000d\000e\000s\000\040\000d\000o\000n\000n\000\351\000e\000s\000\040\000p\000a\000r\000\040\000l\000i\000a\000i\000s\000o\000n\000\040\000s\000\351\000r\000i\000e}{section.9}% 18
\BOOKMARK [2][-]{subsection.9.2}{\376\377\000P\000i\000l\000o\000t\000a\000g\000e\000\040\000d\000e\000\040\000l\000a\000\040\000L\000E\000D\000\040\000d\000e\000\040\000p\000u\000i\000s\000s\000a\000n\000c\000e}{section.9}% 19
\BOOKMARK [2][-]{subsection.9.3}{\376\377\000P\000r\000e\000m\000i\000e\000r\000\040\000d\000i\000a\000g\000r\000a\000m\000m\000e\000\040\000d\000e\000\040\000r\000a\000y\000o\000n\000n\000e\000m\000e\000n\000t}{section.9}% 20
\BOOKMARK [1][-]{section.10}{\376\377\000O\000b\000j\000e\000c\000t\000i\000f\000s\000\040\000d\000e\000\040\000l\000a\000\040\000s\000\351\000a\000n\000c\000e}{}% 21
\BOOKMARK [1][-]{section.11}{\376\377\000P\000r\000o\000t\000o\000c\000o\000l\000e\000\040\000d\000e\000\040\000c\000o\000m\000m\000u\000n\000i\000c\000a\000t\000i\000o\000n}{}% 22
\BOOKMARK [2][-]{subsection.11.1}{\376\377\000C\000h\000o\000i\000x\000\040\000d\000u\000\040\000p\000r\000o\000t\000o\000c\000o\000l\000e\000\040\000d\000e\000\040\000b\000a\000s\000\040\000n\000i\000v\000e\000a\000u}{section.11}% 23
\BOOKMARK [2][-]{subsection.11.2}{\376\377\000S\000t\000r\000u\000c\000t\000u\000r\000e\000\040\000d\000e\000s\000\040\000c\000o\000m\000m\000a\000n\000d\000e\000s}{section.11}% 24
\BOOKMARK [3][-]{subsubsection.11.2.1}{\376\377\000C\000o\000m\000m\000a\000n\000d\000e}{subsection.11.2}% 25
\BOOKMARK [3][-]{subsubsection.11.2.2}{\376\377\000R\000\351\000p\000o\000n\000s\000e}{subsection.11.2}% 26
\BOOKMARK [2][-]{subsection.11.3}{\376\377\000L\000i\000s\000t\000e\000\040\000d\000e\000s\000\040\000c\000o\000m\000m\000a\000n\000d\000e\000s}{section.11}% 27
\BOOKMARK [1][-]{section.12}{\376\377\000E\000t\000a\000p\000e\000\040\0001\0001\000\040\000/\000\040\000M\000e\000t\000t\000r\000e\000\040\000e\000n\000\040\000p\000l\000a\000c\000e\000\040\000u\000n\000\040\000p\000r\000o\000t\000o\000c\000o\000l\000e\000\040\000d\000e\000\040\000c\000o\000m\000m\000u\000n\000i\000c\000a\000t\000i\000o\000n\000\040\000b\000a\000s\000\351\000\040\000s\000u\000r\000\040\000u\000n\000e\000\040\000l\000i\000s\000t\000e\000\040\000d\000e\000\040\000c\000o\000m\000m\000a\000n\000d\000e\000s}{}% 28
\BOOKMARK [2][-]{subsection.12.1}{\376\377\000E\000n\000v\000o\000i\000\040\000e\000t\000\040\000r\000\351\000c\000e\000p\000t\000i\000o\000n\000\040\000d\000e\000\040\000m\000e\000s\000s\000a\000g\000e\000s\000\040\000s\000i\000m\000p\000l\000e\000s}{section.12}% 29
\BOOKMARK [2][-]{subsection.12.2}{\376\377\000S\000t\000r\000u\000c\000t\000u\000r\000e\000\040\000d\000e\000\040\000b\000a\000s\000e}{section.12}% 30
\BOOKMARK [2][-]{subsection.12.3}{\376\377\000A\000j\000o\000u\000t\000\040\000d\000e\000s\000\040\000a\000u\000t\000r\000e\000s\000\040\000c\000o\000m\000m\000a\000n\000d\000e\000s}{section.12}% 31
\BOOKMARK [2][-]{subsection.12.4}{\376\377\000T\000e\000s\000t\000\040\000c\000o\000m\000p\000l\000e\000t}{section.12}% 32
\BOOKMARK [1][-]{section.13}{\376\377\000E\000t\000a\000p\000e\000\040\0001\0002\000\040\000/\000\040\000U\000t\000i\000l\000i\000s\000e\000r\000\040\000l\000a\000\040\000b\000i\000b\000l\000i\000o\000t\000h\000\350\000q\000u\000e\000\040\000p\000y\000S\000e\000r\000i\000a\000l\000\040\000e\000n\000\040\000P\000y\000t\000h\000o\000n\000\040\000p\000o\000u\000r\000\040\000e\000n\000v\000o\000y\000e\000r\000\040\000l\000e\000s\000\040\000c\000o\000m\000m\000a\000n\000d\000e\000s\000\040\000\340\000\040\000l\000a\000\040\000c\000a\000r\000t\000e\000\040\000N\000u\000c\000l\000\351\000o}{}% 33
\BOOKMARK [1][-]{section.14}{\376\377\000E\000t\000a\000p\000e\000\040\0001\0003\000\040\000/\000\040\000T\000e\000s\000t\000e\000r\000\040\000l\000a\000\040\000c\000o\000m\000m\000u\000n\000i\000c\000a\000t\000i\000o\000n\000\040\000e\000n\000t\000r\000e\000\040\000l\000a\000\040\000c\000a\000r\000t\000e\000\040\000N\000u\000c\000l\000\351\000o\000\040\000e\000t\000\040\000l\000e\000\040\000s\000c\000r\000i\000p\000t\000\040\000P\000y\000t\000h\000o\000n\000\040\000p\000o\000u\000r\000\040\000a\000f\000f\000i\000c\000h\000e\000r\000\040\000l\000e\000s\000\040\000d\000o\000n\000n\000\351\000e\000s}{}% 34
\BOOKMARK [1][-]{section.15}{\376\377\000S\000c\000h\000\351\000m\000a\000\040\000C\000a\000r\000t\000e\000\040\000R\000a\000y\000o\000n\000n\000e\000m\000e\000n\000t}{}% 35
\BOOKMARK [1][-]{section.16}{\376\377\000P\000C\000B\000\040\000C\000a\000r\000t\000e\000\040\000R\000a\000y\000o\000n\000n\000e\000m\000e\000n\000t}{}% 36
