\BOOKMARK [1][-]{section.1}{\376\377\000O\000b\000j\000e\000c\000t\000i\000f\000s\000\040\000d\000e\000\040\000l\000a\000\040\000s\000\351\000a\000n\000c\000e}{}% 1
\BOOKMARK [2][-]{subsection.1.1}{\376\377\000I\000D\000E\000\040\000K\000e\000i\000l\000\040\000u\000V\000i\000s\000i\000o\000n\000\040\000e\000t\000\040\000M\000B\000E\000D\000-\000O\000S}{section.1}% 2
\BOOKMARK [2][-]{subsection.1.2}{\376\377\000C\000a\000r\000t\000e\000\040\000N\000u\000c\000l\000e\000o\000-\000S\000T\000M\0003\0002}{section.1}% 3
\BOOKMARK [1][-]{section.2}{\376\377\000E\000t\000a\000p\000e\000\040\0000\000\040\000/\000\040\000T\000e\000s\000t\000e\000r\000\040\000u\000n\000\040\000p\000r\000e\000m\000i\000e\000r\000\040\000p\000r\000o\000g\000r\000a\000m\000m\000e}{}% 4
\BOOKMARK [2][-]{subsection.2.1}{\376\377\000T\000\351\000l\000\351\000c\000h\000a\000r\000g\000e\000r\000\040\000l\000e\000\040\000p\000r\000o\000j\000e\000t\000\040\000d\000e\000\040\000b\000a\000s\000e}{section.2}% 5
\BOOKMARK [2][-]{subsection.2.2}{\376\377\000C\000h\000a\000n\000g\000e\000r\000\040\000l\000e\000\040\000n\000o\000m\000\040\000d\000u\000\040\000p\000r\000o\000j\000e\000t\000\040\000\050\000f\000a\000c\000u\000l\000t\000a\000t\000i\000f\000\051}{section.2}% 6
\BOOKMARK [2][-]{subsection.2.3}{\376\377\000L\000a\000n\000c\000e\000r\000\040\000K\000e\000i\000l\000\040\000u\000V\000i\000s\000i\000o\000n}{section.2}% 7
\BOOKMARK [2][-]{subsection.2.4}{\376\377\000P\000r\000o\000g\000r\000a\000m\000m\000e\000\040\000B\000l\000i\000n\000k\000y\000\040\000\050\000b\000a\000r\000e\000m\000e\000t\000a\000l\000\051}{section.2}% 8
\BOOKMARK [2][-]{subsection.2.5}{\376\377\000S\000t\000r\000u\000c\000t\000u\000r\000e\000\040\000d\000u\000\040\000c\000o\000d\000e}{section.2}% 9
\BOOKMARK [2][-]{subsection.2.6}{\376\377\000C\000o\000m\000p\000i\000l\000a\000t\000i\000o\000n}{section.2}% 10
\BOOKMARK [2][-]{subsection.2.7}{\376\377\000T\000\351\000l\000\351\000v\000e\000r\000s\000e\000m\000e\000n\000t\000\040\000d\000u\000\040\000p\000r\000o\000g\000r\000a\000m\000m\000e}{section.2}% 11
\BOOKMARK [1][-]{section.3}{\376\377\000E\000t\000a\000p\000e\000\040\0001\000\040\000/\000\040\000P\000i\000l\000o\000t\000e\000r\000\040\000d\000e\000s\000\040\000s\000o\000r\000t\000i\000e\000s\000\040\000n\000u\000m\000\351\000r\000i\000q\000u\000e\000s\000\040\000-\000\040\000L\000E\000D}{}% 12
\BOOKMARK [2][-]{subsection.3.1}{\376\377\000C\000h\000o\000i\000x\000\040\000d\000'\000u\000n\000e\000\040\000b\000r\000o\000c\000h\000e}{section.3}% 13
\BOOKMARK [2][-]{subsection.3.2}{\376\377\000C\000\342\000b\000l\000a\000g\000e\000\040\000d\000'\000u\000n\000e\000\040\000L\000E\000D}{section.3}% 14
\BOOKMARK [2][-]{subsection.3.3}{\376\377\000P\000r\000o\000g\000r\000a\000m\000m\000e}{section.3}% 15
\BOOKMARK [3][-]{subsubsection.3.3.1}{\376\377\000P\000a\000r\000a\000m\000\351\000t\000r\000a\000g\000e}{subsection.3.3}% 16
\BOOKMARK [3][-]{subsubsection.3.3.2}{\376\377\000U\000t\000i\000l\000i\000s\000a\000t\000i\000o\000n}{subsection.3.3}% 17
\BOOKMARK [2][-]{subsection.3.4}{\376\377\000T\000r\000a\000v\000a\000i\000l\000\040\000\340\000\040\000r\000\351\000a\000l\000i\000s\000e\000r}{section.3}% 18
\BOOKMARK [1][-]{section.4}{\376\377\000E\000t\000a\000p\000e\000\040\0002\000\040\000/\000\040\000A\000c\000q\000u\000\351\000r\000i\000r\000\040\000d\000e\000s\000\040\000d\000o\000n\000n\000\351\000e\000s\000\040\000n\000u\000m\000\351\000r\000i\000q\000u\000e\000s\000\040\000-\000\040\000B\000o\000u\000t\000o\000n\000-\000p\000o\000u\000s\000s\000o\000i\000r\000s}{}% 19
\BOOKMARK [2][-]{subsection.4.1}{\376\377\000C\000\342\000b\000l\000a\000g\000e\000\040\000d\000'\000u\000n\000\040\000b\000o\000u\000t\000o\000n\000-\000p\000o\000u\000s\000s\000o\000i\000r}{section.4}% 20
\BOOKMARK [2][-]{subsection.4.2}{\376\377\000P\000r\000o\000g\000r\000a\000m\000m\000e}{section.4}% 21
\BOOKMARK [3][-]{subsubsection.4.2.1}{\376\377\000P\000a\000r\000a\000m\000\351\000t\000r\000a\000g\000e}{subsection.4.2}% 22
\BOOKMARK [3][-]{subsubsection.4.2.2}{\376\377\000U\000t\000i\000l\000i\000s\000a\000t\000i\000o\000n}{subsection.4.2}% 23
\BOOKMARK [2][-]{subsection.4.3}{\376\377\000T\000r\000a\000v\000a\000i\000l\000\040\000\340\000\040\000r\000\351\000a\000l\000i\000s\000e\000r}{section.4}% 24
\BOOKMARK [1][-]{section.5}{\376\377\000E\000t\000a\000p\000e\000\040\0003\000\040\000/\000\040\000M\000e\000t\000t\000r\000e\000\040\000e\000n\000\040\001\123\000u\000v\000r\000e\000\040\000d\000e\000s\000\040\000i\000n\000t\000e\000r\000r\000u\000p\000t\000i\000o\000n\000s\000\040\000s\000u\000r\000\040\000d\000e\000s\000\040\000\351\000v\000\351\000n\000e\000m\000e\000n\000t\000s\000\040\000e\000x\000t\000e\000r\000n\000e\000s}{}% 25
\BOOKMARK [2][-]{subsection.5.1}{\376\377\000S\000c\000r\000u\000t\000a\000t\000i\000o\000n}{section.5}% 26
\BOOKMARK [2][-]{subsection.5.2}{\376\377\000I\000n\000t\000e\000r\000r\000u\000p\000t\000i\000o\000n\000s}{section.5}% 27
\BOOKMARK [3][-]{subsubsection.5.2.1}{\376\377\000P\000a\000r\000a\000m\000\351\000t\000r\000a\000g\000e}{subsection.5.2}% 28
\BOOKMARK [3][-]{subsubsection.5.2.2}{\376\377\000R\000o\000u\000t\000i\000n\000e\000\040\000d\000'\000i\000n\000t\000e\000r\000r\000u\000p\000t\000i\000o\000n}{subsection.5.2}% 29
\BOOKMARK [2][-]{subsection.5.3}{\376\377\000T\000r\000a\000v\000a\000i\000l\000\040\000\340\000\040\000r\000\351\000a\000l\000i\000s\000e\000r}{section.5}% 30
\BOOKMARK [1][-]{section.6}{\376\377\000E\000t\000a\000p\000e\000\040\0004\000\040\000/\000\040\000U\000t\000i\000l\000i\000s\000e\000r\000\040\000d\000e\000s\000\040\000s\000o\000r\000t\000i\000e\000s\000\040\000m\000o\000d\000u\000l\000\351\000e\000s\000\040\000e\000n\000\040\000l\000a\000r\000g\000e\000u\000r\000\040\000d\000'\000i\000m\000p\000u\000l\000s\000i\000o\000n\000\040\000\050\000P\000W\000M\000\051\000\040\000-\000\040\000L\000E\000D\000s}{}% 31
\BOOKMARK [2][-]{subsection.6.1}{\376\377\000C\000h\000o\000i\000x\000\040\000d\000e\000\040\000l\000a\000\040\000b\000r\000o\000c\000h\000e\000\040\000d\000e\000\040\000s\000o\000r\000t\000i\000e}{section.6}% 32
\BOOKMARK [2][-]{subsection.6.2}{\376\377\000T\000r\000a\000v\000a\000i\000l\000\040\000\340\000\040\000r\000\351\000a\000l\000i\000s\000e\000r}{section.6}% 33
\BOOKMARK [1][-]{section.7}{\376\377\000E\000t\000a\000p\000e\000\040\0005\000\040\000/\000\040\000A\000c\000q\000u\000\351\000r\000i\000r\000\040\000d\000e\000s\000\040\000d\000o\000n\000n\000\351\000e\000s\000\040\000a\000n\000a\000l\000o\000g\000i\000q\000u\000e\000s\000\040\000-\000\040\000P\000o\000t\000e\000n\000t\000i\000o\000m\000\350\000t\000r\000e}{}% 34
\BOOKMARK [2][-]{subsection.7.1}{\376\377\000C\000\342\000b\000l\000a\000g\000e\000\040\000d\000'\000u\000n\000\040\000p\000o\000t\000e\000n\000t\000i\000o\000m\000\350\000t\000r\000e}{section.7}% 35
\BOOKMARK [2][-]{subsection.7.2}{\376\377\000T\000r\000a\000v\000a\000i\000l\000\040\000\340\000\040\000r\000\351\000a\000l\000i\000s\000e\000r}{section.7}% 36
\BOOKMARK [1][-]{section.8}{\376\377\000P\000C\000B\000\040\000R\000o\000b\000o\000t}{}% 37
