\BOOKMARK [1][-]{section.1}{Objectifs du mini-projet}{}% 1
\BOOKMARK [1][-]{section.2}{D\351roulement du bloc}{}% 2
\BOOKMARK [2][-]{subsection.2.1}{S\351ance 1 / Arduino et Nucl\351o-STM32 \(sans maquette !!\)}{section.2}% 3
\BOOKMARK [2][-]{subsection.2.2}{S\351ance 2 / Prise en main de la maquette et automatisation de la mesure}{section.2}% 4
\BOOKMARK [2][-]{subsection.2.3}{S\351ance 3 / Mise en place d'un protocole de communication}{section.2}% 5
\BOOKMARK [2][-]{subsection.2.4}{S\351ance 4 / Application compl\350te}{section.2}% 6
\BOOKMARK [1][-]{section.3}{Objectifs de la s\351ance}{}% 7
\BOOKMARK [1][-]{section.4}{Description de la maquette}{}% 8
\BOOKMARK [2][-]{subsection.4.1}{El\351ments constitutifs}{section.4}% 9
\BOOKMARK [2][-]{subsection.4.2}{Alimentation \351lectrique}{section.4}% 10
\BOOKMARK [2][-]{subsection.4.3}{Brochage}{section.4}% 11
\BOOKMARK [3][-]{subsubsection.4.3.1}{Utilisation de la sortie modul\351e PB7}{subsection.4.3}% 12
\BOOKMARK [1][-]{section.5}{Etape 6 / Piloter l'intensit\351 des LEDs de la maquette}{}% 13
\BOOKMARK [1][-]{section.6}{Etape 7 / Piloter le servomoteur de la maquette}{}% 14
\BOOKMARK [2][-]{subsection.6.1}{Biblioth\350que Servo.h}{section.6}% 15
\BOOKMARK [2][-]{subsection.6.2}{Travail \340 r\351aliser}{section.6}% 16
\BOOKMARK [1][-]{section.7}{Etape 8 / D\351finir et tester une premi\350re structure de code}{}% 17
\BOOKMARK [1][-]{section.8}{Etape 9 / R\351cup\351rer les donn\351es \340 l'aide du moniteur S\351rie du logiciel Arduino}{}% 18
\BOOKMARK [2][-]{subsection.8.1}{Transmission des donn\351es par liaison s\351rie}{section.8}% 19
\BOOKMARK [2][-]{subsection.8.2}{Premier diagramme de rayonnement}{section.8}% 20
\BOOKMARK [1][-]{section.9}{Objectifs de la s\351ance}{}% 21
\BOOKMARK [1][-]{section.10}{Protocole de communication}{}% 22
\BOOKMARK [2][-]{subsection.10.1}{Choix du protocole de bas niveau}{section.10}% 23
\BOOKMARK [2][-]{subsection.10.2}{Structure des commandes}{section.10}% 24
\BOOKMARK [3][-]{subsubsection.10.2.1}{Commande}{subsection.10.2}% 25
\BOOKMARK [3][-]{subsubsection.10.2.2}{R\351ponse}{subsection.10.2}% 26
\BOOKMARK [2][-]{subsection.10.3}{Liste des commandes}{section.10}% 27
\BOOKMARK [1][-]{section.11}{Etape 10 / Mettre en place un protocole de communication bas\351 sur une liste de commandes}{}% 28
\BOOKMARK [1][-]{section.12}{Etape 11 / Utiliser la biblioth\350que pySerial en Python pour envoyer les commandes \340 la carte Arduino}{}% 29
\BOOKMARK [1][-]{section.13}{Etape 12 / Tester la communication entre la carte Arduino et le script Python pour afficher les donn\351es}{}% 30
\BOOKMARK [1][-]{section.14}{Sch\351ma Carte Rayonnement}{}% 31
\BOOKMARK [1][-]{section.15}{PCB Carte Rayonnement}{}% 32
