\BOOKMARK [1][-]{section.1}{\376\377\000O\000b\000j\000e\000c\000t\000i\000f\000s\000\040\000d\000u\000\040\000b\000l\000o\000c}{}% 1
\BOOKMARK [1][-]{section.2}{\376\377\000R\000e\000s\000s\000o\000u\000r\000c\000e\000s}{}% 2
\BOOKMARK [1][-]{section.3}{\376\377\000D\000\351\000r\000o\000u\000l\000e\000m\000e\000n\000t\000\040\000d\000u\000\040\000b\000l\000o\000c}{}% 3
\BOOKMARK [2][-]{subsection.3.1}{\376\377\000S\000\351\000a\000n\000c\000e\000\040\0001\000\040\000-\000\040\000M\000o\000d\000\351\000l\000i\000s\000a\000t\000i\000o\000n\000\040\000p\000r\000i\000m\000a\000i\000r\000e\000\040\000d\000'\000u\000n\000e\000\040\000c\000h\000a\000i\000n\000e\000\040\000d\000'\000a\000c\000q\000u\000i\000s\000i\000t\000i\000o\000n}{section.3}% 4
\BOOKMARK [2][-]{subsection.3.2}{\376\377\000S\000\351\000a\000n\000c\000e\000\040\0002\000\040\000-\000\040\000M\000a\000n\000i\000p\000u\000l\000a\000t\000i\000o\000n\000\040\000d\000'\000i\000m\000a\000g\000e\000s}{section.3}% 5
\BOOKMARK [1][-]{section.4}{\376\377\000P\000r\000i\000s\000e\000\040\000e\000n\000\040\000m\000a\000i\000n\000\040\000d\000e\000\040\000l\000'\000i\000n\000t\000e\000r\000f\000a\000c\000e}{}% 6
\BOOKMARK [2][-]{subsection.4.1}{\376\377\000E\000c\000l\000a\000i\000r\000a\000g\000e\000\040\000e\000t\000\040\000z\000o\000n\000e\000\040\000d\000'\000i\000n\000t\000\351\000r\000\352\000t}{section.4}% 7
\BOOKMARK [1][-]{section.5}{\376\377\000D\000\351\000c\000r\000i\000r\000e\000\040\000l\000e\000\040\000r\000\364\000l\000e\000\040\000d\000e\000s\000\040\000p\000r\000i\000n\000c\000i\000p\000a\000l\000e\000s\000\040\000c\000a\000r\000a\000c\000t\000\351\000r\000i\000s\000t\000i\000q\000u\000e\000s\000\040\000d\000'\000u\000n\000e\000\040\000c\000a\000m\000\351\000r\000a\000\040\000C\000M\000O\000S}{}% 8
\BOOKMARK [2][-]{subsection.5.1}{\376\377\000T\000e\000m\000p\000s\000\040\000d\000'\000i\000n\000t\000\351\000g\000r\000a\000t\000i\000o\000n}{section.5}% 9
\BOOKMARK [2][-]{subsection.5.2}{\376\377\000B\000l\000a\000c\000k\000\040\000L\000e\000v\000e\000l}{section.5}% 10
\BOOKMARK [1][-]{section.6}{\376\377\000A\000n\000a\000l\000y\000s\000e\000r\000\040\000l\000a\000\040\000p\000e\000r\000t\000i\000n\000e\000n\000c\000e\000\040\000d\000e\000\040\000l\000'\000\351\000c\000l\000a\000i\000r\000a\000g\000e\000\040\000d\000'\000u\000n\000e\000\040\000s\000c\000\350\000n\000e}{}% 11
\BOOKMARK [1][-]{section.7}{\376\377\000A\000n\000a\000l\000y\000s\000e\000r\000\040\000l\000'\000i\000m\000p\000a\000c\000t\000\040\000d\000u\000\040\000c\000h\000o\000i\000x\000\040\000d\000e\000\040\000l\000a\000\040\000c\000o\000u\000l\000e\000u\000r\000\040\000d\000e\000\040\000l\000'\000\351\000c\000l\000a\000i\000r\000a\000g\000e}{}% 12
\BOOKMARK [1][-]{section.8}{\376\377\000A\000n\000a\000l\000y\000s\000e\000r\000\040\000l\000'\000i\000m\000p\000a\000c\000t\000\040\000d\000e\000\040\000l\000'\000\351\000c\000h\000a\000n\000t\000i\000l\000l\000o\000n\000n\000a\000g\000e\000\040\000e\000t\000\040\000l\000a\000\040\000q\000u\000a\000n\000t\000i\000f\000i\000c\000a\000t\000i\000o\000n\000\040\000s\000u\000r\000\040\000l\000e\000s\000\040\000i\000m\000a\000g\000e\000s}{}% 13
\BOOKMARK [2][-]{subsection.8.1}{\376\377\000M\000a\000t\000\351\000r\000i\000e\000l}{section.8}% 14
\BOOKMARK [2][-]{subsection.8.2}{\376\377\000Q\000u\000e\000s\000t\000i\000o\000n\000s\000\040}{section.8}% 15
\BOOKMARK [1][-]{section.9}{\376\377\000R\000\351\000p\000o\000n\000s\000e\000\040\000d\000e\000\040\000l\000a\000\040\000c\000a\000m\000\351\000r\000a}{}% 16
\BOOKMARK [1][-]{section.10}{\376\377\000A\000n\000a\000l\000y\000s\000e\000r\000\040\000l\000'\000i\000m\000p\000a\000c\000t\000\040\000d\000e\000s\000\040\000o\000u\000t\000i\000l\000s\000\040\000d\000e\000\040\000b\000a\000s\000e\000\040\000d\000e\000\040\000l\000a\000\040\000m\000a\000n\000i\000p\000u\000l\000a\000t\000i\000o\000n\000\040\000d\000'\000i\000m\000a\000g\000e\000s}{}% 17
\BOOKMARK [1][-]{section.11}{\376\377\000R\000e\000s\000s\000o\000u\000r\000c\000e\000s}{}% 18
\BOOKMARK [1][-]{section.12}{\376\377\000O\000u\000v\000r\000i\000r\000\040\000u\000n\000e\000\040\000i\000m\000a\000g\000e\000\040\000s\000o\000u\000s\000\040\000O\000p\000e\000n\000C\000V}{}% 19
\BOOKMARK [1][-]{section.13}{\376\377\000C\000a\000l\000c\000u\000l\000e\000r\000\040\000l\000'\000h\000i\000s\000t\000o\000g\000r\000a\000m\000m\000e\000\040\000d\000'\000u\000n\000e\000\040\000i\000m\000a\000g\000e\000\040\000e\000t\000\040\000l\000'\000a\000f\000f\000i\000c\000h\000e\000r}{}% 20
\BOOKMARK [1][-]{section.14}{\376\377\000A\000m\000\351\000l\000i\000o\000r\000e\000r\000\040\000n\000u\000m\000\351\000r\000i\000q\000u\000e\000m\000e\000n\000t\000\040\000l\000a\000\040\000q\000u\000a\000l\000i\000t\000\351\000\040\000d\000'\000u\000n\000e\000\040\000i\000m\000a\000g\000e}{}% 21
\BOOKMARK [1][-]{section.15}{\376\377\000A\000p\000p\000l\000i\000q\000u\000e\000r\000\040\000u\000n\000\040\000f\000i\000l\000t\000r\000e\000\040\000m\000o\000y\000e\000n\000n\000e\000u\000r\000\040\000s\000u\000r\000\040\000u\000n\000e\000\040\000i\000m\000a\000g\000e}{}% 22
\BOOKMARK [2][-]{subsection.15.1}{\376\377\000E\000l\000\351\000m\000e\000n\000t\000s\000\040\000s\000t\000r\000u\000c\000t\000u\000r\000a\000n\000t\000s\000\040\000o\000u\000\040\000n\000o\000y\000a\000u}{section.15}% 23
\BOOKMARK [2][-]{subsection.15.2}{\376\377\000F\000i\000l\000t\000r\000e\000\040\000m\000o\000y\000e\000n\000n\000e\000u\000r\000\040\000g\000a\000u\000s\000s\000i\000e\000n}{section.15}% 24
\BOOKMARK [2][-]{subsection.15.3}{\376\377\000B\000r\000u\000i\000t\000\040\000s\000u\000r\000\040\000u\000n\000e\000\040\000i\000m\000a\000g\000e}{section.15}% 25
\BOOKMARK [1][-]{section.16}{\376\377\000A\000p\000p\000l\000i\000q\000u\000e\000r\000\040\000u\000n\000\040\000f\000i\000l\000t\000r\000e\000\040\000p\000a\000s\000s\000e\000-\000h\000a\000u\000t\000\040\000s\000u\000r\000\040\000u\000n\000e\000\040\000i\000m\000a\000g\000e}{}% 26
\BOOKMARK [2][-]{subsection.16.1}{\376\377\000O\000p\000\351\000r\000a\000t\000e\000u\000r\000\040\000d\000e\000\040\000R\000o\000b\000e\000r\000t\000s}{section.16}% 27
\BOOKMARK [2][-]{subsection.16.2}{\376\377\000O\000p\000\351\000r\000a\000t\000e\000u\000r\000\040\000d\000e\000\040\000S\000o\000b\000e\000l}{section.16}% 28
\BOOKMARK [1][-]{section.17}{\376\377\000A\000p\000p\000l\000i\000q\000u\000e\000r\000\040\000u\000n\000\040\000f\000i\000l\000t\000r\000e\000\040\000p\000a\000r\000\040\000l\000'\000i\000n\000t\000e\000r\000m\000\351\000d\000i\000a\000i\000r\000e\000\040\000d\000e\000\040\000l\000a\000\040\000t\000r\000a\000n\000s\000f\000o\000r\000m\000\351\000e\000\040\000d\000e\000\040\000F\000o\000u\000r\000i\000e\000r}{}% 29
