\BOOKMARK [1][-]{section.1}{Ressources}{}% 1
\BOOKMARK [1][-]{section.2}{D\351roulement du bloc}{}% 2
\BOOKMARK [1][-]{section.3}{Primitives}{}% 3
\BOOKMARK [2][-]{subsection.3.1}{Primitives de bas niveau}{section.3}% 4
\BOOKMARK [2][-]{subsection.3.2}{Primitives de niveau interm\351diaire}{section.3}% 5
\BOOKMARK [2][-]{subsection.3.3}{Primitives de haut niveau}{section.3}% 6
\BOOKMARK [1][-]{section.4}{Ouvrir une image sous OpenCV et afficher son histogramme}{}% 7
\BOOKMARK [1][-]{section.5}{Couleur vers niveau de gris}{}% 8
\BOOKMARK [2][-]{subsection.5.1}{RVB vs Niveau de gris}{section.5}% 9
\BOOKMARK [2][-]{subsection.5.2}{Plusieurs m\351thodes de conversion}{section.5}% 10
\BOOKMARK [3][-]{subsubsection.5.2.1}{Moyenne des canaux R,V,B}{subsection.5.2}% 11
\BOOKMARK [3][-]{subsubsection.5.2.2}{Pond\351ration en fonction de la perception humaine}{subsection.5.2}% 12
\BOOKMARK [3][-]{subsubsection.5.2.3}{Utilisation d'un espace colorim\351trique diff\351rent}{subsection.5.2}% 13
\BOOKMARK [1][-]{section.6}{Seuillage et binarisation}{}% 14
\BOOKMARK [2][-]{subsection.6.1}{M\351thode classique}{section.6}% 15
\BOOKMARK [2][-]{subsection.6.2}{M\351thode d'Otsu}{section.6}% 16
\BOOKMARK [1][-]{section.7}{Erosion, dilatation et gradient}{}% 17
\BOOKMARK [2][-]{subsection.7.1}{Op\351rations de pr\351-traitement}{section.7}% 18
\BOOKMARK [2][-]{subsection.7.2}{El\351ments structurants d'une convolution \(noyau\)}{section.7}% 19
\BOOKMARK [2][-]{subsection.7.3}{Op\351rations d'\351rosion et de dilatation}{section.7}% 20
\BOOKMARK [2][-]{subsection.7.4}{Op\351rations d'ouverture et de fermeture}{section.7}% 21
\BOOKMARK [2][-]{subsection.7.5}{Op\351ration de gradient}{section.7}% 22
\BOOKMARK [1][-]{section.8}{Lissage du bruit}{}% 23
\BOOKMARK [2][-]{subsection.8.1}{G\351n\351rer du bruit sur des images}{section.8}% 24
\BOOKMARK [2][-]{subsection.8.2}{Comparer diff\351rents filtres de lissage}{section.8}% 25
\BOOKMARK [3][-]{subsubsection.8.2.1}{Filtre de type gaussien}{subsection.8.2}% 26
\BOOKMARK [3][-]{subsubsection.8.2.2}{Filtre de type m\351dian}{subsection.8.2}% 27
\BOOKMARK [3][-]{subsubsection.8.2.3}{Filtre de type moyenneur \(mean ou box\)}{subsection.8.2}% 28
\BOOKMARK [1][-]{section.9}{Isoler des \351l\351ments d'une image gr\342ce \340 des op\351rations lin\351aires}{}% 29
\BOOKMARK [1][-]{section.10}{D\351tecter des contours et des points d'int\351r\352t}{}% 30
\BOOKMARK [2][-]{subsection.10.1}{D\351tection de coins par la m\351thode de Harris}{section.10}% 31
\BOOKMARK [2][-]{subsection.10.2}{D\351tection de contour par la m\351thode de Canny}{section.10}% 32
\BOOKMARK [1][-]{section.11}{Segmenter une image par la m\351thode de Watershed}{}% 33
\BOOKMARK [2][-]{subsection.11.1}{Ouverture et seuillage}{section.11}% 34
\BOOKMARK [2][-]{subsection.11.2}{R\351duction du bruit}{section.11}% 35
\BOOKMARK [2][-]{subsection.11.3}{Identification des zones inconnues}{section.11}% 36
\BOOKMARK [2][-]{subsection.11.4}{Identification des objets}{section.11}% 37
\BOOKMARK [2][-]{subsection.11.5}{Application de l'algorithme de Watershed}{section.11}% 38
\BOOKMARK [1][-]{section.12}{Image Processing}{}% 39
