\BOOKMARK [1][-]{section.1}{\376\377\000O\000b\000j\000e\000c\000t\000i\000f\000s\000\040\000d\000u\000\040\000m\000i\000n\000i\000-\000p\000r\000o\000j\000e\000t}{}% 1
\BOOKMARK [1][-]{section.2}{\376\377\000D\000\351\000r\000o\000u\000l\000e\000m\000e\000n\000t\000\040\000d\000u\000\040\000b\000l\000o\000c}{}% 2
\BOOKMARK [2][-]{subsection.2.1}{\376\377\000S\000\351\000a\000n\000c\000e\000\040\0001\000\040\000/\000\040\000A\000r\000d\000u\000i\000n\000o\000\040\000e\000t\000\040\000N\000u\000c\000l\000\351\000o\000-\000S\000T\000M\0003\0002\000\040\000\050\000s\000a\000n\000s\000\040\000m\000a\000q\000u\000e\000t\000t\000e\000\040\000!\000!\000\051}{section.2}% 3
\BOOKMARK [2][-]{subsection.2.2}{\376\377\000S\000\351\000a\000n\000c\000e\000\040\0002\000\040\000/\000\040\000P\000r\000i\000s\000e\000\040\000e\000n\000\040\000m\000a\000i\000n\000\040\000d\000e\000\040\000l\000a\000\040\000m\000a\000q\000u\000e\000t\000t\000e\000\040\000e\000t\000\040\000d\000\351\000p\000l\000a\000c\000e\000m\000e\000n\000t\000s\000\040\000\351\000l\000\351\000m\000e\000n\000t\000a\000i\000r\000e\000s}{section.2}% 4
\BOOKMARK [2][-]{subsection.2.3}{\376\377\000S\000\351\000a\000n\000c\000e\000s\000\040\0003\000\040\000e\000t\000\040\0004\000\040\000-\000\040\000P\000i\000l\000o\000t\000a\000g\000e\000\040\000d\000e\000\040\000h\000a\000u\000t\000\040\000n\000i\000v\000e\000a\000u}{section.2}% 5
\BOOKMARK [1][-]{section.3}{\376\377\000O\000b\000j\000e\000c\000t\000i\000f\000s\000\040\000d\000e\000\040\000l\000a\000\040\000s\000\351\000a\000n\000c\000e}{}% 6
\BOOKMARK [1][-]{section.4}{\376\377\000D\000e\000s\000c\000r\000i\000p\000t\000i\000o\000n\000\040\000d\000e\000\040\000l\000a\000\040\000m\000a\000q\000u\000e\000t\000t\000e}{}% 7
\BOOKMARK [2][-]{subsection.4.1}{\376\377\000A\000l\000i\000m\000e\000n\000t\000a\000t\000i\000o\000n\000\040\000\351\000l\000e\000c\000t\000r\000i\000q\000u\000e}{section.4}% 8
\BOOKMARK [3][-]{subsubsection.4.1.1}{\376\377\000C\000a\000r\000t\000e\000\040\000N\000u\000c\000l\000\351\000o}{subsection.4.1}% 9
\BOOKMARK [3][-]{subsubsection.4.1.2}{\376\377\000U\000t\000i\000l\000i\000s\000a\000t\000i\000o\000n\000\040\000d\000e\000\040\000l\000a\000\040\000p\000a\000r\000t\000i\000e\000\040\000p\000u\000i\000s\000s\000a\000n\000c\000e\000\040\000\050\000m\000o\000t\000o\000r\000i\000s\000a\000t\000i\000o\000n\000\051}{subsection.4.1}% 10
\BOOKMARK [2][-]{subsection.4.2}{\376\377\000B\000r\000o\000c\000h\000a\000g\000e}{section.4}% 11
\BOOKMARK [3][-]{subsubsection.4.2.1}{\376\377\000E\000n\000t\000r\000\351\000e\000s\000-\000S\000o\000r\000t\000i\000e\000s\000\040\000s\000t\000a\000n\000d\000a\000r\000d}{subsection.4.2}% 12
\BOOKMARK [3][-]{subsubsection.4.2.2}{\376\377\000M\000o\000t\000e\000u\000r\000s}{subsection.4.2}% 13
\BOOKMARK [3][-]{subsubsection.4.2.3}{\376\377\000P\000h\000a\000r\000e\000s\000\040\000N\000e\000o\000P\000i\000x\000e\000l\000\040\000/\000\040\000S\000W\0002\0008\0001\0002}{subsection.4.2}% 14
\BOOKMARK [3][-]{subsubsection.4.2.4}{\376\377\000C\000a\000p\000t\000e\000u\000r\000s}{subsection.4.2}% 15
\BOOKMARK [1][-]{section.5}{\376\377\000E\000t\000a\000p\000e\000\040\0006\000\040\000/\000\040\000P\000i\000l\000o\000t\000e\000r\000\040\000l\000'\000i\000n\000t\000e\000n\000s\000i\000t\000\351\000\040\000d\000e\000s\000\040\000L\000E\000D\000s\000\040\000d\000e\000\040\000l\000a\000\040\000m\000a\000q\000u\000e\000t\000t\000e}{}% 16
\BOOKMARK [1][-]{section.6}{\376\377\000E\000t\000a\000p\000e\000\040\0007\000\040\000/\000\040\000P\000i\000l\000o\000t\000e\000r\000\040\000l\000e\000s\000\040\000m\000o\000t\000e\000u\000r\000s\000\040\000\340\000\040\000c\000o\000u\000r\000a\000n\000t\000\040\000c\000o\000n\000t\000i\000n\000u}{}% 17
\BOOKMARK [2][-]{subsection.6.1}{\376\377\000C\000o\000n\000v\000e\000r\000s\000i\000o\000n\000\040\000d\000e\000\040\000p\000u\000i\000s\000s\000a\000n\000c\000e}{section.6}% 18
\BOOKMARK [3][-]{subsubsection.6.1.1}{\376\377\000T\000r\000a\000n\000s\000i\000s\000t\000o\000r}{subsection.6.1}% 19
\BOOKMARK [3][-]{subsubsection.6.1.2}{\376\377\000P\000o\000n\000t\000\040\000e\000n\000\040\000H}{subsection.6.1}% 20
\BOOKMARK [3][-]{subsubsection.6.1.3}{\376\377\000L\0002\0009\0003\000D\000\040\000o\000u\000\040\000S\000N\0007\0005\0004\0004\0001\0000\000N\000E}{subsection.6.1}% 21
\BOOKMARK [2][-]{subsection.6.2}{\376\377\000U\000t\000i\000l\000i\000s\000a\000t\000i\000o\000n\000\040\000d\000e\000\040\000s\000i\000g\000n\000a\000u\000x\000\040\000m\000o\000d\000u\000l\000\351\000s\000\040\000e\000n\000\040\000l\000a\000r\000g\000e\000u\000r\000\040\000d\000'\000i\000m\000p\000u\000l\000s\000i\000o\000n}{section.6}% 22
\BOOKMARK [2][-]{subsection.6.3}{\376\377\000T\000r\000a\000v\000a\000i\000l\000\040\000\340\000\040\000r\000\351\000a\000l\000i\000s\000e\000r}{section.6}% 23
\BOOKMARK [1][-]{section.7}{\376\377\000E\000t\000a\000p\000e\000\040\0008\000\040\000/\000\040\000A\000c\000q\000u\000\351\000r\000i\000r\000\040\000d\000e\000s\000\040\000d\000o\000n\000n\000\351\000e\000s\000\040\000d\000e\000s\000\040\000c\000a\000p\000t\000e\000u\000r\000s\000\040\000d\000e\000\040\000l\000i\000g\000n\000e}{}% 24
\BOOKMARK [2][-]{subsection.7.1}{\376\377\000T\000r\000a\000v\000a\000i\000l\000\040\000\340\000\040\000r\000\351\000a\000l\000i\000s\000e\000r}{section.7}% 25
\BOOKMARK [1][-]{section.8}{\376\377\000E\000t\000a\000p\000e\000\040\0009\000\040\000/\000\040\000P\000i\000l\000o\000t\000e\000r\000\040\000l\000e\000s\000\040\000p\000h\000a\000r\000e\000s\000\040\000d\000u\000\040\000r\000o\000b\000o\000t}{}% 26
\BOOKMARK [2][-]{subsection.8.1}{\376\377\000B\000i\000b\000l\000i\000o\000t\000h\000\350\000q\000u\000e\000\040\000A\000d\000a\000f\000r\000u\000i\000t\000\137\000N\000e\000o\000P\000i\000x\000e\000l}{section.8}% 27
\BOOKMARK [2][-]{subsection.8.2}{\376\377\000T\000r\000a\000v\000a\000i\000l\000\040\000\340\000\040\000r\000\351\000a\000l\000i\000s\000e\000r}{section.8}% 28
\BOOKMARK [1][-]{section.9}{\376\377\000E\000t\000a\000p\000e\000\040\0001\0000\000\040\000/\000\040\000D\000\351\000f\000i\000n\000i\000r\000\040\000e\000t\000\040\000t\000e\000s\000t\000e\000r\000\040\000u\000n\000e\000\040\000p\000r\000e\000m\000i\000\350\000r\000e\000\040\000s\000t\000r\000u\000c\000t\000u\000r\000e\000\040\000d\000e\000\040\000c\000o\000d\000e}{}% 29
\BOOKMARK [2][-]{subsection.9.1}{\376\377\000T\000r\000a\000v\000a\000i\000l\000\040\000\340\000\040\000r\000\351\000a\000l\000i\000s\000e\000r}{section.9}% 30
\BOOKMARK [1][-]{section.10}{\376\377\000E\000t\000a\000p\000e\000\040\0001\0001\000\040\000/\000\040\000A\000c\000q\000u\000\351\000r\000i\000r\000\040\000l\000e\000s\000\040\000s\000i\000g\000n\000a\000u\000x\000\040\000d\000u\000\040\000c\000a\000p\000t\000e\000u\000r\000\040\000u\000l\000t\000r\000a\000s\000o\000n}{}% 31
\BOOKMARK [2][-]{subsection.10.1}{\376\377\000T\000r\000a\000v\000a\000i\000l\000\040\000\340\000\040\000r\000\351\000a\000l\000i\000s\000e\000r}{section.10}% 32
\BOOKMARK [1][-]{section.11}{\376\377\000E\000t\000a\000p\000e\000\040\0001\0002\000\040\000/\000\040\000P\000i\000l\000o\000t\000e\000r\000\040\000l\000e\000\040\000s\000e\000r\000v\000o\000m\000o\000t\000e\000u\000r\000\040\000a\000s\000s\000o\000c\000i\000\351\000\040\000a\000u\000\040\000c\000a\000p\000t\000e\000u\000r\000\040\000u\000l\000t\000r\000a\000s\000o\000n}{}% 33
\BOOKMARK [2][-]{subsection.11.1}{\376\377\000B\000i\000b\000l\000i\000o\000t\000h\000\350\000q\000u\000e\000\040\000S\000e\000r\000v\000o\000.\000h}{section.11}% 34
\BOOKMARK [2][-]{subsection.11.2}{\376\377\000T\000r\000a\000v\000a\000i\000l\000\040\000\340\000\040\000r\000\351\000a\000l\000i\000s\000e\000r}{section.11}% 35
\BOOKMARK [1][-]{section.12}{\376\377\000A\000c\000q\000u\000\351\000r\000i\000r\000\040\000d\000e\000s\000\040\000d\000o\000n\000n\000\351\000e\000s\000\040\000d\000e\000\040\000l\000'\000a\000c\000c\000\351\000l\000\351\000r\000o\000m\000\350\000t\000r\000e\000\040\000\050\000I\0002\000C\000\051}{}% 36
\BOOKMARK [2][-]{subsection.12.1}{\376\377\000B\000r\000o\000c\000h\000a\000g\000e}{section.12}% 37
\BOOKMARK [2][-]{subsection.12.2}{\376\377\000P\000r\000o\000t\000o\000c\000o\000l\000e\000\040\000I\0002\000C}{section.12}% 38
\BOOKMARK [2][-]{subsection.12.3}{\376\377\000C\000o\000n\000f\000i\000g\000u\000r\000a\000t\000i\000o\000n}{section.12}% 39
\BOOKMARK [2][-]{subsection.12.4}{\376\377\000R\000\351\000c\000u\000p\000\351\000r\000a\000t\000i\000o\000n\000\040\000d\000e\000s\000\040\000d\000o\000n\000n\000\351\000e\000s}{section.12}% 40
\BOOKMARK [1][-]{section.13}{\376\377\000A\000u\000t\000r\000e\000s\000\040\000f\000o\000n\000c\000t\000i\000o\000n\000n\000a\000l\000i\000t\000\351\000s\000\040\000d\000e\000\040\000l\000a\000\040\000c\000a\000r\000t\000e}{}% 41
\BOOKMARK [2][-]{subsubsection.13.0.1}{\376\377\000C\000a\000p\000t\000e\000u\000r\000\040\000t\000e\000m\000p\000\351\000r\000a\000t\000u\000r\000e\000\040\000n\000u\000m\000\351\000r\000i\000q\000u\000e\000\040\000/\000\040\000T\000C\0007\0004\000A\0002}{section.13}% 42
\BOOKMARK [3][-]{subsubsection.13.0.2}{\376\377\000C\000o\000m\000m\000u\000n\000i\000c\000a\000t\000i\000o\000n\000\040\000n\000R\000F\0002\0004\000L\0000\0001}{subsubsection.13.0.1}% 43
\BOOKMARK [3][-]{subsubsection.13.0.3}{\376\377\000U\000t\000i\000l\000i\000s\000a\000t\000i\000o\000n\000\040\000d\000e\000\040\000l\000a\000\040\000s\000o\000r\000t\000i\000e\000\040\000m\000o\000d\000u\000l\000\351\000e\000\040\000P\000B\0007}{subsubsection.13.0.1}% 44
\BOOKMARK [2][-]{subsection.13.1}{\376\377\000T\000r\000a\000c\000e\000u\000r\000\040\000S\000\351\000r\000i\000e}{section.13}% 45
\BOOKMARK [1][-]{section.14}{\376\377\000S\000c\000h\000\351\000m\000a\000\040\000R\000o\000b\000o\000t}{}% 46
\BOOKMARK [1][-]{section.15}{\376\377\000P\000C\000B\000\040\000R\000o\000b\000o\000t}{}% 47
