\BOOKMARK [1][-]{section.1}{Objectifs du mini-projet}{}% 1
\BOOKMARK [1][-]{section.2}{D\351roulement du bloc}{}% 2
\BOOKMARK [2][-]{subsection.2.1}{S\351ance 1 / MBED et Nucl\351o-STM32 \(sans maquette !!\)}{section.2}% 3
\BOOKMARK [2][-]{subsection.2.2}{S\351ance 2 / Prise en main de la maquette et d\351placements \351l\351mentaires}{section.2}% 4
\BOOKMARK [2][-]{subsection.2.3}{S\351ances 3 et 4 - Pilotage de haut niveau}{section.2}% 5
\BOOKMARK [1][-]{section.3}{DISC / Accumulation de preuves}{}% 6
\BOOKMARK [2][-]{subsection.3.1}{Travail \340 r\351aliser}{section.3}% 7
\BOOKMARK [1][-]{section.4}{Objectifs de la s\351ance}{}% 8
\BOOKMARK [1][-]{section.5}{Description de la maquette}{}% 9
\BOOKMARK [2][-]{subsection.5.1}{Alimentation \351lectrique}{section.5}% 10
\BOOKMARK [3][-]{subsubsection.5.1.1}{Carte Nucl\351o}{subsection.5.1}% 11
\BOOKMARK [3][-]{subsubsection.5.1.2}{Utilisation de la partie puissance \(motorisation\)}{subsection.5.1}% 12
\BOOKMARK [2][-]{subsection.5.2}{Brochage / Robot Joy-It Car}{section.5}% 13
\BOOKMARK [3][-]{subsubsection.5.2.1}{Entr\351es-Sorties standard}{subsection.5.2}% 14
\BOOKMARK [3][-]{subsubsection.5.2.2}{Moteurs}{subsection.5.2}% 15
\BOOKMARK [3][-]{subsubsection.5.2.3}{Phares NeoPixel / SW2812}{subsection.5.2}% 16
\BOOKMARK [3][-]{subsubsection.5.2.4}{Capteurs}{subsection.5.2}% 17
\BOOKMARK [1][-]{section.6}{Etape 7 / Piloter l'intensit\351 des LEDs de la maquette}{}% 18
\BOOKMARK [1][-]{section.7}{Etape 8 / Piloter les moteurs \340 courant continu}{}% 19
\BOOKMARK [2][-]{subsection.7.1}{Conversion de puissance}{section.7}% 20
\BOOKMARK [3][-]{subsubsection.7.1.1}{Pont en H}{subsection.7.1}% 21
\BOOKMARK [3][-]{subsubsection.7.1.2}{L293D ou SN754410NE}{subsection.7.1}% 22
\BOOKMARK [2][-]{subsection.7.2}{Utilisation de signaux modul\351s en largeur d'impulsion}{section.7}% 23
\BOOKMARK [2][-]{subsection.7.3}{Travail \340 r\351aliser}{section.7}% 24
\BOOKMARK [1][-]{section.8}{Etape 9 / Acqu\351rir des donn\351es des capteurs de ligne}{}% 25
\BOOKMARK [2][-]{subsection.8.1}{Travail \340 r\351aliser}{section.8}% 26
\BOOKMARK [1][-]{section.9}{Etape 10 / Piloter les phares du robot}{}% 27
\BOOKMARK [2][-]{subsection.9.1}{Biblioth\350ques }{section.9}% 28
\BOOKMARK [3][-]{subsubsection.9.1.1}{Importation des biblioth\350ques}{subsection.9.1}% 29
\BOOKMARK [2][-]{subsection.9.2}{Travail \340 r\351aliser}{section.9}% 30
\BOOKMARK [1][-]{section.10}{Etape 11 / D\351finir et tester une premi\350re structure de code}{}% 31
\BOOKMARK [2][-]{subsection.10.1}{Travail \340 r\351aliser}{section.10}% 32
\BOOKMARK [1][-]{section.11}{Etape 12 / Acqu\351rir les signaux du capteur ultrason}{}% 33
\BOOKMARK [2][-]{subsection.11.1}{Travail \340 r\351aliser}{section.11}% 34
\BOOKMARK [1][-]{section.12}{Etape 13 / Piloter le servomoteur associ\351 au capteur ultrason}{}% 35
\BOOKMARK [2][-]{subsection.12.1}{Travail \340 r\351aliser}{section.12}% 36
\BOOKMARK [1][-]{section.13}{Mini-Projet / Suivi de ligne et \351vitement d'obstacle}{}% 37
\BOOKMARK [1][-]{section.14}{Sch\351ma Robot}{}% 38
\BOOKMARK [1][-]{section.15}{PCB Robot}{}% 39
