\BOOKMARK [1][-]{section.1}{\376\377\000R\000e\000s\000s\000o\000u\000r\000c\000e\000s}{}% 1
\BOOKMARK [1][-]{section.2}{\376\377\000D\000\351\000r\000o\000u\000l\000e\000m\000e\000n\000t\000\040\000d\000u\000\040\000b\000l\000o\000c}{}% 2
\BOOKMARK [1][-]{section.3}{\376\377\000P\000r\000i\000m\000i\000t\000i\000v\000e\000s}{}% 3
\BOOKMARK [2][-]{subsection.3.1}{\376\377\000P\000r\000i\000m\000i\000t\000i\000v\000e\000s\000\040\000d\000e\000\040\000b\000a\000s\000\040\000n\000i\000v\000e\000a\000u}{section.3}% 4
\BOOKMARK [2][-]{subsection.3.2}{\376\377\000P\000r\000i\000m\000i\000t\000i\000v\000e\000s\000\040\000d\000e\000\040\000n\000i\000v\000e\000a\000u\000\040\000i\000n\000t\000e\000r\000m\000\351\000d\000i\000a\000i\000r\000e}{section.3}% 5
\BOOKMARK [2][-]{subsection.3.3}{\376\377\000P\000r\000i\000m\000i\000t\000i\000v\000e\000s\000\040\000d\000e\000\040\000h\000a\000u\000t\000\040\000n\000i\000v\000e\000a\000u}{section.3}% 6
\BOOKMARK [1][-]{section.4}{\376\377\000O\000u\000v\000r\000i\000r\000\040\000u\000n\000e\000\040\000i\000m\000a\000g\000e\000\040\000s\000o\000u\000s\000\040\000O\000p\000e\000n\000C\000V\000\040\000e\000t\000\040\000a\000f\000f\000i\000c\000h\000e\000r\000\040\000s\000o\000n\000\040\000h\000i\000s\000t\000o\000g\000r\000a\000m\000m\000e}{}% 7
\BOOKMARK [1][-]{section.5}{\376\377\000C\000o\000u\000l\000e\000u\000r\000\040\000v\000e\000r\000s\000\040\000n\000i\000v\000e\000a\000u\000\040\000d\000e\000\040\000g\000r\000i\000s}{}% 8
\BOOKMARK [1][-]{section.6}{\376\377\000S\000e\000u\000i\000l\000l\000a\000g\000e\000\040\000e\000t\000\040\000b\000i\000n\000a\000r\000i\000s\000a\000t\000i\000o\000n}{}% 9
\BOOKMARK [1][-]{section.7}{\376\377\000E\000r\000o\000s\000i\000o\000n\000,\000\040\000d\000i\000l\000a\000t\000a\000t\000i\000o\000n\000\040\000e\000t\000\040\000g\000r\000a\000d\000i\000e\000n\000t}{}% 10
\BOOKMARK [2][-]{subsection.7.1}{\376\377\000O\000p\000\351\000r\000a\000t\000i\000o\000n\000s\000\040\000d\000e\000\040\000p\000r\000\351\000-\000t\000r\000a\000i\000t\000e\000m\000e\000n\000t}{section.7}% 11
\BOOKMARK [2][-]{subsection.7.2}{\376\377\000E\000l\000\351\000m\000e\000n\000t\000s\000\040\000s\000t\000r\000u\000c\000t\000u\000r\000a\000n\000t\000s\000\040\000d\000'\000u\000n\000e\000\040\000c\000o\000n\000v\000o\000l\000u\000t\000i\000o\000n\000\040\000\050\000n\000o\000y\000a\000u\000\051}{section.7}% 12
\BOOKMARK [2][-]{subsection.7.3}{\376\377\000O\000p\000\351\000r\000a\000t\000i\000o\000n\000s\000\040\000d\000'\000\351\000r\000o\000s\000i\000o\000n\000\040\000e\000t\000\040\000d\000e\000\040\000d\000i\000l\000a\000t\000a\000t\000i\000o\000n}{section.7}% 13
\BOOKMARK [2][-]{subsection.7.4}{\376\377\000O\000p\000\351\000r\000a\000t\000i\000o\000n\000s\000\040\000d\000'\000o\000u\000v\000e\000r\000t\000u\000r\000e\000\040\000e\000t\000\040\000d\000e\000\040\000f\000e\000r\000m\000e\000t\000u\000r\000e}{section.7}% 14
\BOOKMARK [2][-]{subsection.7.5}{\376\377\000O\000p\000\351\000r\000a\000t\000i\000o\000n\000\040\000d\000e\000\040\000g\000r\000a\000d\000i\000e\000n\000t}{section.7}% 15
\BOOKMARK [1][-]{section.8}{\376\377\000L\000i\000s\000s\000a\000g\000e\000\040\000d\000u\000\040\000b\000r\000u\000i\000t}{}% 16
\BOOKMARK [2][-]{subsection.8.1}{\376\377\000G\000\351\000n\000\351\000r\000e\000r\000\040\000d\000u\000\040\000b\000r\000u\000i\000t\000\040\000s\000u\000r\000\040\000d\000e\000s\000\040\000i\000m\000a\000g\000e\000s}{section.8}% 17
\BOOKMARK [2][-]{subsection.8.2}{\376\377\000C\000o\000m\000p\000a\000r\000e\000r\000\040\000d\000i\000f\000f\000\351\000r\000e\000n\000t\000s\000\040\000f\000i\000l\000t\000r\000e\000s\000\040\000d\000e\000\040\000l\000i\000s\000s\000a\000g\000e}{section.8}% 18
\BOOKMARK [3][-]{subsubsection.8.2.1}{\376\377\000F\000i\000l\000t\000r\000e\000\040\000d\000e\000\040\000t\000y\000p\000e\000\040\000g\000a\000u\000s\000s\000i\000e\000n}{subsection.8.2}% 19
\BOOKMARK [3][-]{subsubsection.8.2.2}{\376\377\000F\000i\000l\000t\000r\000e\000\040\000d\000e\000\040\000t\000y\000p\000e\000\040\000m\000\351\000d\000i\000a\000n}{subsection.8.2}% 20
\BOOKMARK [3][-]{subsubsection.8.2.3}{\376\377\000F\000i\000l\000t\000r\000e\000\040\000d\000e\000\040\000t\000y\000p\000e\000\040\000m\000o\000y\000e\000n\000n\000e\000u\000r\000\040\000\050\000m\000e\000a\000n\000\040\000o\000u\000\040\000b\000o\000x\000\051}{subsection.8.2}% 21
\BOOKMARK [1][-]{section.9}{\376\377\000I\000s\000o\000l\000e\000r\000\040\000d\000e\000s\000\040\000\351\000l\000\351\000m\000e\000n\000t\000s\000\040\000d\000'\000u\000n\000e\000\040\000i\000m\000a\000g\000e\000\040\000g\000r\000\342\000c\000e\000\040\000\340\000\040\000d\000e\000s\000\040\000o\000p\000\351\000r\000a\000t\000i\000o\000n\000s\000\040\000l\000i\000n\000\351\000a\000i\000r\000e\000s}{}% 22
\BOOKMARK [1][-]{section.10}{\376\377\000D\000\351\000t\000e\000c\000t\000e\000r\000\040\000d\000e\000s\000\040\000c\000o\000n\000t\000o\000u\000r\000s\000\040\000e\000t\000\040\000d\000e\000s\000\040\000p\000o\000i\000n\000t\000s\000\040\000d\000'\000i\000n\000t\000\351\000r\000\352\000t}{}% 23
\BOOKMARK [1][-]{section.11}{\376\377\000S\000e\000g\000m\000e\000n\000t\000e\000r\000\040\000u\000n\000e\000\040\000i\000m\000a\000g\000e\000\040\000p\000a\000r\000\040\000l\000a\000\040\000m\000\351\000t\000h\000o\000d\000e\000\040\000d\000e\000\040\000W\000a\000t\000e\000r\000s\000h\000e\000d}{}% 24
\BOOKMARK [1][-]{section.12}{\376\377\000I\000m\000a\000g\000e\000\040\000P\000r\000o\000c\000e\000s\000s\000i\000n\000g}{}% 25
