\BOOKMARK [1][-]{section.1}{\376\377\000V\000i\000s\000i\000o\000n\000\040\000I\000n\000d\000u\000s\000t\000r\000i\000e\000l\000l\000e}{}% 1
\BOOKMARK [1][-]{section.2}{\376\377\000A\000c\000q\000u\000i\000s\000\040\000d\000'\000A\000p\000p\000r\000e\000n\000t\000i\000s\000s\000a\000g\000e\000s\000\040\000V\000i\000s\000\351\000s\000\040\000\050\000A\000A\000V\000\051}{}% 2
\BOOKMARK [1][-]{section.3}{\376\377\000R\000e\000s\000s\000o\000u\000r\000c\000e\000s}{}% 3
\BOOKMARK [1][-]{section.4}{\376\377\000D\000\351\000r\000o\000u\000l\000e\000m\000e\000n\000t}{}% 4
\BOOKMARK [2][-]{subsection.4.1}{\376\377\000T\000P\0001\000\040\000-\000\040\000B\000a\000n\000c\000\040\000d\000e\000\040\000v\000i\000s\000i\000o\000n\000\040\000i\000n\000d\000u\000s\000t\000r\000i\000e\000l\000l\000e}{section.4}% 5
\BOOKMARK [2][-]{subsection.4.2}{\376\377\000T\000P\0002\000\040\000-\000\040\000M\000a\000n\000i\000p\000u\000l\000a\000t\000i\000o\000n\000s\000\040\000d\000e\000\040\000b\000a\000s\000e\000\040\000s\000o\000u\000s\000\040\000O\000p\000e\000n\000C\000V}{section.4}% 6
\BOOKMARK [2][-]{subsection.4.3}{\376\377\000T\000P\0003\000-\0004\000\040\000-\000\040\000D\000\351\000t\000e\000c\000t\000i\000o\000n\000\040\000d\000'\000o\000b\000j\000e\000t\000s}{section.4}% 7
\BOOKMARK [1][-]{section.5}{\376\377\000A\000c\000c\000u\000m\000u\000l\000a\000t\000i\000o\000n\000\040\000d\000e\000\040\000p\000r\000e\000u\000v\000e\000s\000\040\000/\000\040\000M\000\351\000t\000h\000o\000d\000e\000\040\000d\000e\000\040\000t\000r\000a\000v\000a\000i\000l}{}% 8
\BOOKMARK [1][-]{section.6}{\376\377\000O\000b\000j\000e\000c\000t\000i\000f\000\040\000d\000e\000s\000\040\000s\000\351\000a\000n\000c\000e\000s\000\040\0003\000\040\000e\000t\000\040\0004}{}% 9
\BOOKMARK [2][-]{subsection.6.1}{\376\377\000T\000P\0003\000\040\000-\000\040\000M\000a\000n\000i\000p\000u\000l\000a\000t\000i\000o\000n\000s\000\040\000a\000v\000a\000n\000c\000\351\000e\000s\000\040\000s\000o\000u\000s\000\040\000O\000p\000e\000n\000C\000V\000\040\000/\000\040\000L\000i\000m\000i\000t\000e\000s\000\040\000d\000u\000\040\000b\000a\000n\000c\000\040\000d\000e\000\040\000v\000i\000s\000i\000o\000n}{section.6}% 10
\BOOKMARK [2][-]{subsection.6.2}{\376\377\000T\000P\0004\000\040\000-\000\040\000D\000\351\000t\000e\000c\000t\000i\000o\000n\000\040\000d\040\031\000o\000b\000j\000e\000t\000s\000\040\000-\000\040\000C\000o\000n\000t\000r\000\364\000l\000e\000\040\000q\000u\000a\000l\000i\000t\000\351}{section.6}% 11
\BOOKMARK [1][-]{section.7}{\376\377\000O\000p\000e\000n\000C\000V\000\040\000-\000\040\000D\000\351\000t\000e\000c\000t\000i\000o\000n\000\040\000d\000e\000\040\000f\000o\000r\000m\000e\000s\000\040\000e\000t\000\040\000d\000e\000\040\000c\000o\000u\000l\000e\000u\000r\000s}{}% 12
\BOOKMARK [2][-]{subsection.7.1}{\376\377\000C\000V\000-\000A\000\040\000-\000\040\000D\000\351\000t\000e\000c\000t\000e\000r\000\040\000d\000e\000s\000\040\000f\000o\000r\000m\000e\000s\000\040\000[\0004\0000\000\040\000m\000i\000n\000]}{section.7}% 13
\BOOKMARK [2][-]{subsection.7.2}{\376\377\000C\000V\000-\000B\000\040\000-\000\040\000D\000\351\000t\000e\000c\000t\000e\000r\000\040\000d\000e\000s\000\040\000c\000o\000u\000l\000e\000u\000r\000s\000\040\000[\0004\0000\000\040\000m\000i\000n\000]}{section.7}% 14
\BOOKMARK [2][-]{subsection.7.3}{\376\377\000C\000V\000-\000C\000\040\000-\000\040\000C\000h\000a\000n\000g\000e\000m\000e\000n\000t\000\040\000d\000'\000e\000s\000p\000a\000c\000e\000\040\000d\000e\000\040\000c\000o\000u\000l\000e\000u\000r\000\040\000[\0004\0000\000\040\000m\000i\000n\000]}{section.7}% 15
\BOOKMARK [3][-]{subsubsection.7.3.1}{\376\377\000M\000o\000y\000e\000n\000n\000e\000\040\000d\000e\000s\000\040\000c\000a\000n\000a\000u\000x\000\040\000R\000,\000V\000,\000B}{subsection.7.3}% 16
\BOOKMARK [3][-]{subsubsection.7.3.2}{\376\377\000P\000o\000n\000d\000\351\000r\000a\000t\000i\000o\000n\000\040\000e\000n\000\040\000f\000o\000n\000c\000t\000i\000o\000n\000\040\000d\000e\000\040\000l\000a\000\040\000p\000e\000r\000c\000e\000p\000t\000i\000o\000n\000\040\000h\000u\000m\000a\000i\000n\000e}{subsection.7.3}% 17
\BOOKMARK [3][-]{subsubsection.7.3.3}{\376\377\000U\000t\000i\000l\000i\000s\000a\000t\000i\000o\000n\000\040\000d\000'\000u\000n\000\040\000e\000s\000p\000a\000c\000e\000\040\000c\000o\000l\000o\000r\000i\000m\000\351\000t\000r\000i\000q\000u\000e\000\040\000d\000i\000f\000f\000\351\000r\000e\000n\000t}{subsection.7.3}% 18
\BOOKMARK [1][-]{section.8}{\376\377\000B\000a\000n\000c\000\040\000V\000I\000\040\000-\000\040\000C\000a\000l\000i\000b\000r\000a\000t\000i\000o\000n}{}% 19
\BOOKMARK [2][-]{subsection.8.1}{\376\377\000V\000I\000-\000A\000\040\000-\000\040\000C\000a\000l\000i\000b\000r\000e\000r\000\040\000l\000a\000\040\000c\000h\000a\000\356\000n\000e\000\040\000p\000o\000u\000r\000\040\000l\000e\000s\000\040\000c\000u\000b\000e\000s\000\040\000d\000e\000\040\000c\000o\000u\000l\000e\000u\000r\000\040\000[\0004\0000\000\040\000m\000i\000n\000]}{section.8}% 20
\BOOKMARK [2][-]{subsection.8.2}{\376\377\000V\000I\000-\000B\000\040\000-\000\040\000C\000a\000l\000i\000b\000r\000e\000r\000\040\000l\000a\000\040\000c\000h\000a\000\356\000n\000e\000\040\000p\000o\000u\000r\000\040\000l\000e\000s\000\040\000f\000o\000r\000m\000e\000s\000\040\000c\000o\000l\000o\000r\000\351\000s\000\040\000[\0004\0000\000\040\000m\000i\000n\000]}{section.8}% 21
\BOOKMARK [2][-]{subsection.8.3}{\376\377\000V\000I\000-\000C\000\040\000-\000\040\000C\000a\000l\000i\000b\000r\000e\000r\000\040\000l\000a\000\040\000c\000h\000a\000\356\000n\000e\000\040\000p\000o\000u\000r\000\040\000d\000e\000s\000\040\000m\000e\000s\000u\000r\000e\000s\000\040\000d\000e\000\040\000d\000i\000s\000t\000a\000n\000c\000e\000\040\000[\0004\0000\000\040\000m\000i\000n\000]}{section.8}% 22
