\BOOKMARK [1][-]{section.1}{\376\377\000R\000e\000s\000s\000o\000u\000r\000c\000e\000s}{}% 1
\BOOKMARK [1][-]{section.2}{\376\377\000A\000c\000c\000u\000m\000u\000l\000a\000t\000i\000o\000n\000\040\000d\000e\000\040\000p\000r\000e\000u\000v\000e\000s\000\040\000/\000\040\000M\000\351\000t\000h\000o\000d\000e\000\040\000d\000e\000\040\000t\000r\000a\000v\000a\000i\000l}{}% 2
\BOOKMARK [1][-]{section.3}{\376\377\000R\000a\000p\000p\000e\000l\000\040\000s\000u\000r\000\040\000l\000e\000s\000\040\000i\000m\000a\000g\000e\000s\000\040\000n\000u\000m\000\351\000r\000i\000q\000u\000e\000s}{}% 3
\BOOKMARK [1][-]{section.4}{\376\377\000A\000\040\000-\000\040\000O\000u\000v\000r\000i\000r\000\040\000u\000n\000e\000\040\000i\000m\000a\000g\000e\000\040\000[\0002\0000\000\040\000m\000i\000n\000]}{}% 4
\BOOKMARK [1][-]{section.5}{\376\377\000B\000\040\000-\000\040\000C\000a\000l\000c\000u\000l\000e\000r\000\040\000l\000'\000h\000i\000s\000t\000o\000g\000r\000a\000m\000m\000e\000\040\000d\000'\000u\000n\000e\000\040\000i\000m\000a\000g\000e\000\040\000e\000t\000\040\000l\000'\000a\000f\000f\000i\000c\000h\000e\000r\000\040\000[\0002\0000\000\040\000m\000i\000n\000]}{}% 5
\BOOKMARK [1][-]{section.6}{\376\377\000C\000\040\000-\000\040\000A\000m\000\351\000l\000i\000o\000r\000e\000r\000\040\000n\000u\000m\000\351\000r\000i\000q\000u\000e\000m\000e\000n\000t\000\040\000l\000a\000\040\000q\000u\000a\000l\000i\000t\000\351\000\040\000d\000'\000u\000n\000e\000\040\000i\000m\000a\000g\000e\000\040\000[\0002\0000\000\040\000m\000i\000n\000]}{}% 6
\BOOKMARK [1][-]{section.7}{\376\377\000D\000\040\000-\000\040\000B\000i\000n\000a\000r\000i\000s\000e\000r\000\040\000l\000'\000i\000m\000a\000g\000e\000\040\000[\0002\0000\000\040\000m\000i\000n\000]}{}% 7
\BOOKMARK [1][-]{section.8}{\376\377\000E\000\040\000-\000\040\000O\000p\000\351\000r\000a\000t\000i\000o\000n\000s\000\040\000d\000e\000\040\000p\000r\000\351\000-\000t\000r\000a\000i\000t\000e\000m\000e\000n\000t\000\040\000[\0004\0000\000\040\000m\000i\000n\000]}{}% 8
\BOOKMARK [2][-]{subsection.8.1}{\376\377\000E\000l\000\351\000m\000e\000n\000t\000s\000\040\000s\000t\000r\000u\000c\000t\000u\000r\000a\000n\000t\000s\000\040\000d\000'\000u\000n\000e\000\040\000c\000o\000n\000v\000o\000l\000u\000t\000i\000o\000n\000\040\000\050\000n\000o\000y\000a\000u\000\051}{section.8}% 9
\BOOKMARK [2][-]{subsection.8.2}{\376\377\000O\000p\000\351\000r\000a\000t\000i\000o\000n\000s\000\040\000d\000'\000\351\000r\000o\000s\000i\000o\000n\000\040\000e\000t\000\040\000d\000e\000\040\000d\000i\000l\000a\000t\000a\000t\000i\000o\000n}{section.8}% 10
\BOOKMARK [2][-]{subsection.8.3}{\376\377\000O\000p\000\351\000r\000a\000t\000i\000o\000n\000s\000\040\000d\000'\000o\000u\000v\000e\000r\000t\000u\000r\000e\000\040\000e\000t\000\040\000d\000e\000\040\000f\000e\000r\000m\000e\000t\000u\000r\000e}{section.8}% 11
\BOOKMARK [2][-]{subsection.8.4}{\376\377\000O\000p\000\351\000r\000a\000t\000i\000o\000n\000\040\000d\000e\000\040\000g\000r\000a\000d\000i\000e\000n\000t}{section.8}% 12
\BOOKMARK [1][-]{section.9}{\376\377\000F\000\040\000-\000\040\000C\000a\000l\000c\000u\000l\000e\000r\000\040\000l\000a\000\040\000F\000F\000T\000\040\000d\000'\000u\000n\000e\000\040\000i\000m\000a\000g\000e\000\040\000[\0003\0000\000\040\000m\000i\000n\000]}{}% 13
\BOOKMARK [1][-]{section.10}{\376\377\000G\000\040\000-\000\040\000A\000p\000p\000l\000i\000q\000u\000e\000r\000\040\000u\000n\000\040\000f\000i\000l\000t\000r\000e\000\040\000m\000o\000y\000e\000n\000n\000e\000u\000r\000\040\000s\000u\000r\000\040\000u\000n\000e\000\040\000i\000m\000a\000g\000e\000\040\000[\0003\0000\000\040\000m\000i\000n\000]}{}% 14
\BOOKMARK [2][-]{subsection.10.1}{\376\377\000F\000i\000l\000t\000r\000e\000\040\000m\000o\000y\000e\000n\000n\000e\000u\000r\000\040\000g\000a\000u\000s\000s\000i\000e\000n}{section.10}% 15
\BOOKMARK [2][-]{subsection.10.2}{\376\377\000B\000r\000u\000i\000t\000\040\000s\000u\000r\000\040\000u\000n\000e\000\040\000i\000m\000a\000g\000e}{section.10}% 16
\BOOKMARK [1][-]{section.11}{\376\377\000H\000\040\000-\000\040\000A\000p\000p\000l\000i\000q\000u\000e\000r\000\040\000u\000n\000\040\000f\000i\000l\000t\000r\000e\000\040\000p\000a\000s\000s\000e\000-\000h\000a\000u\000t\000\040\000s\000u\000r\000\040\000u\000n\000e\000\040\000i\000m\000a\000g\000e}{}% 17
\BOOKMARK [2][-]{subsection.11.1}{\376\377\000O\000p\000\351\000r\000a\000t\000e\000u\000r\000\040\000d\000e\000\040\000R\000o\000b\000e\000r\000t\000s}{section.11}% 18
\BOOKMARK [2][-]{subsection.11.2}{\376\377\000O\000p\000\351\000r\000a\000t\000e\000u\000r\000\040\000d\000e\000\040\000S\000o\000b\000e\000l}{section.11}% 19
\BOOKMARK [1][-]{section.12}{\376\377\000E\000t\000a\000p\000e\000\040\0006\000\040\000/\000\040\000A\000p\000p\000l\000i\000q\000u\000e\000r\000\040\000u\000n\000\040\000f\000i\000l\000t\000r\000e\000\040\000p\000a\000r\000\040\000l\000'\000i\000n\000t\000e\000r\000m\000\351\000d\000i\000a\000i\000r\000e\000\040\000d\000e\000\040\000l\000a\000\040\000t\000r\000a\000n\000s\000f\000o\000r\000m\000\351\000e\000\040\000d\000e\000\040\000F\000o\000u\000r\000i\000e\000r}{}% 20
\BOOKMARK [1][-]{section.13}{\376\377\000B\000\040\000-\000\040\000C\000h\000a\000n\000g\000e\000m\000e\000n\000t\000\040\000d\000'\000e\000s\000p\000a\000c\000e\000\040\000d\000e\000\040\000c\000o\000u\000l\000e\000u\000r\000\040\000[\0002\0000\000\040\000m\000i\000n\000]}{}% 21
\BOOKMARK [2][-]{subsection.13.1}{\376\377\000P\000l\000u\000s\000i\000e\000u\000r\000s\000\040\000m\000\351\000t\000h\000o\000d\000e\000s\000\040\000d\000e\000\040\000c\000o\000n\000v\000e\000r\000s\000i\000o\000n}{section.13}% 22
\BOOKMARK [3][-]{subsubsection.13.1.1}{\376\377\000M\000o\000y\000e\000n\000n\000e\000\040\000d\000e\000s\000\040\000c\000a\000n\000a\000u\000x\000\040\000R\000,\000V\000,\000B}{subsection.13.1}% 23
\BOOKMARK [3][-]{subsubsection.13.1.2}{\376\377\000P\000o\000n\000d\000\351\000r\000a\000t\000i\000o\000n\000\040\000e\000n\000\040\000f\000o\000n\000c\000t\000i\000o\000n\000\040\000d\000e\000\040\000l\000a\000\040\000p\000e\000r\000c\000e\000p\000t\000i\000o\000n\000\040\000h\000u\000m\000a\000i\000n\000e}{subsection.13.1}% 24
\BOOKMARK [3][-]{subsubsection.13.1.3}{\376\377\000U\000t\000i\000l\000i\000s\000a\000t\000i\000o\000n\000\040\000d\000'\000u\000n\000\040\000e\000s\000p\000a\000c\000e\000\040\000c\000o\000l\000o\000r\000i\000m\000\351\000t\000r\000i\000q\000u\000e\000\040\000d\000i\000f\000f\000\351\000r\000e\000n\000t}{subsection.13.1}% 25
