\BOOKMARK [1][-]{section.1}{\376\377\000A\000c\000q\000u\000i\000s\000\040\000d\000'\000A\000p\000p\000r\000e\000n\000t\000i\000s\000s\000a\000g\000e\000s\000\040\000V\000i\000s\000\351\000s\000\040\000\050\000A\000A\000V\000\051}{}% 1
\BOOKMARK [1][-]{section.2}{\376\377\000R\000e\000s\000s\000o\000u\000r\000c\000e\000s}{}% 2
\BOOKMARK [1][-]{section.3}{\376\377\000D\000\351\000r\000o\000u\000l\000e\000m\000e\000n\000t}{}% 3
\BOOKMARK [2][-]{subsection.3.1}{\376\377\000T\000P\0001\000\040\000-\000\040\000B\000a\000n\000c\000\040\000d\000e\000\040\000v\000i\000s\000i\000o\000n\000\040\000i\000n\000d\000u\000s\000t\000r\000i\000e\000l\000l\000e}{section.3}% 4
\BOOKMARK [2][-]{subsection.3.2}{\376\377\000T\000P\0002\000\040\000-\000\040\000M\000a\000n\000i\000p\000u\000l\000a\000t\000i\000o\000n\000s\000\040\000d\000e\000\040\000b\000a\000s\000e\000\040\000s\000o\000u\000s\000\040\000O\000p\000e\000n\000C\000V}{section.3}% 5
\BOOKMARK [2][-]{subsection.3.3}{\376\377\000T\000P\0003\000\040\000-\000\040\000M\000a\000n\000i\000p\000u\000l\000a\000t\000i\000o\000n\000s\000\040\000a\000v\000a\000n\000c\000\351\000e\000s\000\040\000s\000o\000u\000s\000\040\000O\000p\000e\000n\000C\000V\000\040\000/\000\040\000L\000i\000m\000i\000t\000e\000s\000\040\000d\000u\000\040\000b\000a\000n\000c\000\040\000d\000e\000\040\000v\000i\000s\000i\000o\000n}{section.3}% 6
\BOOKMARK [2][-]{subsection.3.4}{\376\377\000T\000P\0004\000\040\000-\000\040\000D\000\351\000t\000e\000c\000t\000i\000o\000n\000\040\000d\000'\000o\000b\000j\000e\000t\000s\000\040\000-\000\040\000C\000o\000n\000t\000r\000\364\000l\000e\000\040\000q\000u\000a\000l\000i\000t\000\351}{section.3}% 7
\BOOKMARK [1][-]{section.4}{\376\377\000O\000b\000j\000e\000c\000t\000i\000f\000s\000\040\000d\000u\000\040\000b\000l\000o\000c}{}% 8
\BOOKMARK [1][-]{section.5}{\376\377\000E\000t\000a\000p\000e\000\040\0000\000\040\000/\000\040\000P\000r\000e\000n\000d\000r\000e\000\040\000e\000n\000\040\000m\000a\000i\000n\000\040\000l\000'\000i\000n\000t\000e\000r\000f\000a\000c\000e\000\040\000d\000e\000\040\000p\000i\000l\000o\000t\000a\000g\000e}{}% 9
\BOOKMARK [2][-]{subsection.5.1}{\376\377\000E\000c\000l\000a\000i\000r\000a\000g\000e\000\040\000e\000t\000\040\000z\000o\000n\000e\000\040\000d\000'\000i\000n\000t\000\351\000r\000\352\000t}{section.5}% 10
\BOOKMARK [1][-]{section.6}{\376\377\000E\000t\000a\000p\000e\000\040\0001\000\040\000/\000\040\000D\000\351\000c\000r\000i\000r\000e\000\040\000l\000e\000\040\000r\000\364\000l\000e\000\040\000d\000e\000s\000\040\000p\000r\000i\000n\000c\000i\000p\000a\000l\000e\000s\000\040\000c\000a\000r\000a\000c\000t\000\351\000r\000i\000s\000t\000i\000q\000u\000e\000s\000\040\000d\000'\000u\000n\000e\000\040\000c\000a\000m\000\351\000r\000a\000\040\000C\000M\000O\000S}{}% 11
\BOOKMARK [2][-]{subsection.6.1}{\376\377\000T\000e\000m\000p\000s\000\040\000d\000'\000i\000n\000t\000\351\000g\000r\000a\000t\000i\000o\000n}{section.6}% 12
\BOOKMARK [2][-]{subsection.6.2}{\376\377\000E\000c\000h\000a\000n\000t\000i\000l\000l\000o\000n\000n\000a\000g\000e\000\040\000e\000t\000\040\000q\000u\000a\000n\000t\000i\000f\000i\000c\000a\000t\000i\000o\000n}{section.6}% 13
\BOOKMARK [1][-]{section.7}{\376\377\000E\000t\000a\000p\000e\000\040\0002\000\040\000/\000\040\000A\000n\000a\000l\000y\000s\000e\000r\000\040\000l\000'\000i\000m\000p\000a\000c\000t\000\040\000d\000e\000s\000\040\000o\000u\000t\000i\000l\000s\000\040\000d\000e\000\040\000b\000a\000s\000e\000\040\000d\000e\000\040\000l\000a\000\040\000m\000a\000n\000i\000p\000u\000l\000a\000t\000i\000o\000n\000\040\000d\000'\000i\000m\000a\000g\000e\000s}{}% 14
\BOOKMARK [2][-]{subsection.7.1}{\376\377\000C\000o\000n\000t\000r\000a\000s\000t\000e\000\040\000e\000t\000\040\000L\000u\000m\000i\000n\000o\000s\000i\000t\000\351}{section.7}% 15
\BOOKMARK [2][-]{subsection.7.2}{\376\377\000S\000e\000u\000i\000l\000l\000a\000g\000e}{section.7}% 16
\BOOKMARK [2][-]{subsection.7.3}{\376\377\000F\000i\000l\000t\000r\000a\000g\000e}{section.7}% 17
\BOOKMARK [1][-]{section.8}{\376\377\000E\000t\000a\000p\000e\000\040\0003\000\040\000/\000\040\000A\000n\000a\000l\000y\000s\000e\000r\000\040\000l\000'\000i\000m\000p\000a\000c\000t\000\040\000d\000u\000\040\000c\000h\000o\000i\000x\000\040\000d\000e\000\040\000l\000a\000\040\000c\000o\000u\000l\000e\000u\000r\000\040\000d\000e\000\040\000l\000'\000\351\000c\000l\000a\000i\000r\000a\000g\000e}{}% 18
\BOOKMARK [2][-]{subsection.8.1}{\376\377\000A\000c\000q\000u\000i\000s\000i\000t\000i\000o\000n\000\040\000\340\000\040\000d\000e\000s\000\040\000l\000o\000n\000g\000u\000e\000u\000r\000s\000\040\000d\000'\000o\000n\000d\000e\000\040\000d\000i\000f\000f\000\351\000r\000e\000n\000t\000e\000s}{section.8}% 19
\BOOKMARK [1][-]{section.9}{\376\377\000E\000t\000a\000p\000e\000\040\0004\000\040\000/\000\040\000M\000o\000d\000\351\000l\000i\000s\000a\000t\000i\000o\000n\000\040\000s\000i\000m\000p\000l\000e\000\040\000d\000'\000u\000n\000e\000\040\000c\000h\000a\000i\000n\000e\000\040\000d\000'\000a\000c\000q\000u\000i\000s\000i\000t\000i\000o\000n}{}% 20
\BOOKMARK [2][-]{subsection.9.1}{\376\377\000O\000u\000v\000e\000r\000t\000u\000r\000e\000\040\000d\000'\000u\000n\000e\000\040\000i\000m\000a\000g\000e\000\040\000a\000v\000e\000c\000\040\000O\000p\000e\000n\000C\000V}{section.9}% 21
\BOOKMARK [2][-]{subsection.9.2}{\376\377\000T\000r\000a\000i\000t\000e\000m\000e\000n\000t\000\040\000a\000v\000e\000c\000\040\000O\000p\000e\000n\000C\000V}{section.9}% 22
\BOOKMARK [1][-]{section.10}{\376\377\000R\000e\000s\000s\000o\000u\000r\000c\000e\000s}{}% 23
\BOOKMARK [1][-]{section.11}{\376\377\000E\000t\000a\000p\000e\000\040\0001\000\040\000/\000\040\000O\000u\000v\000r\000i\000r\000\040\000u\000n\000e\000\040\000i\000m\000a\000g\000e\000\040\000s\000o\000u\000s\000\040\000O\000p\000e\000n\000C\000V}{}% 24
\BOOKMARK [1][-]{section.12}{\376\377\000E\000t\000a\000p\000e\000\040\0002\000\040\000/\000\040\000C\000a\000l\000c\000u\000l\000e\000r\000\040\000l\000'\000h\000i\000s\000t\000o\000g\000r\000a\000m\000m\000e\000\040\000d\000'\000u\000n\000e\000\040\000i\000m\000a\000g\000e\000\040\000e\000t\000\040\000l\000'\000a\000f\000f\000i\000c\000h\000e\000r}{}% 25
\BOOKMARK [1][-]{section.13}{\376\377\000E\000t\000a\000p\000e\000\040\0003\000\040\000/\000\040\000A\000m\000\351\000l\000i\000o\000r\000e\000r\000\040\000n\000u\000m\000\351\000r\000i\000q\000u\000e\000m\000e\000n\000t\000\040\000l\000a\000\040\000q\000u\000a\000l\000i\000t\000\351\000\040\000d\000'\000u\000n\000e\000\040\000i\000m\000a\000g\000e}{}% 26
\BOOKMARK [1][-]{section.14}{\376\377\000E\000t\000a\000p\000e\000\040\0004\000\040\000/\000\040\000A\000p\000p\000l\000i\000q\000u\000e\000r\000\040\000u\000n\000\040\000f\000i\000l\000t\000r\000e\000\040\000m\000o\000y\000e\000n\000n\000e\000u\000r\000\040\000s\000u\000r\000\040\000u\000n\000e\000\040\000i\000m\000a\000g\000e}{}% 27
\BOOKMARK [2][-]{subsection.14.1}{\376\377\000E\000l\000\351\000m\000e\000n\000t\000s\000\040\000s\000t\000r\000u\000c\000t\000u\000r\000a\000n\000t\000s\000\040\000o\000u\000\040\000n\000o\000y\000a\000u}{section.14}% 28
\BOOKMARK [2][-]{subsection.14.2}{\376\377\000F\000i\000l\000t\000r\000e\000\040\000m\000o\000y\000e\000n\000n\000e\000u\000r\000\040\000g\000a\000u\000s\000s\000i\000e\000n}{section.14}% 29
\BOOKMARK [2][-]{subsection.14.3}{\376\377\000B\000r\000u\000i\000t\000\040\000s\000u\000r\000\040\000u\000n\000e\000\040\000i\000m\000a\000g\000e}{section.14}% 30
\BOOKMARK [1][-]{section.15}{\376\377\000E\000t\000a\000p\000e\000\040\0005\000\040\000/\000\040\000A\000p\000p\000l\000i\000q\000u\000e\000r\000\040\000u\000n\000\040\000f\000i\000l\000t\000r\000e\000\040\000p\000a\000s\000s\000e\000-\000h\000a\000u\000t\000\040\000s\000u\000r\000\040\000u\000n\000e\000\040\000i\000m\000a\000g\000e}{}% 31
\BOOKMARK [2][-]{subsection.15.1}{\376\377\000O\000p\000\351\000r\000a\000t\000e\000u\000r\000\040\000d\000e\000\040\000R\000o\000b\000e\000r\000t\000s}{section.15}% 32
\BOOKMARK [2][-]{subsection.15.2}{\376\377\000O\000p\000\351\000r\000a\000t\000e\000u\000r\000\040\000d\000e\000\040\000S\000o\000b\000e\000l}{section.15}% 33
\BOOKMARK [1][-]{section.16}{\376\377\000E\000t\000a\000p\000e\000\040\0006\000\040\000/\000\040\000A\000p\000p\000l\000i\000q\000u\000e\000r\000\040\000u\000n\000\040\000f\000i\000l\000t\000r\000e\000\040\000p\000a\000r\000\040\000l\000'\000i\000n\000t\000e\000r\000m\000\351\000d\000i\000a\000i\000r\000e\000\040\000d\000e\000\040\000l\000a\000\040\000t\000r\000a\000n\000s\000f\000o\000r\000m\000\351\000e\000\040\000d\000e\000\040\000F\000o\000u\000r\000i\000e\000r}{}% 34
\BOOKMARK [1][-]{section.17}{\376\377\000C\000a\000m\000e\000r\000a\000\040\000a\000n\000d\000\040\000s\000e\000n\000s\000o\000r}{}% 35
\BOOKMARK [1][-]{section.18}{\376\377\000P\000r\000i\000m\000i\000t\000i\000v\000e\000s}{}% 36
\BOOKMARK [2][-]{subsection.18.1}{\376\377\000P\000r\000i\000m\000i\000t\000i\000v\000e\000s\000\040\000d\000e\000\040\000b\000a\000s\000\040\000n\000i\000v\000e\000a\000u}{section.18}% 37
\BOOKMARK [2][-]{subsection.18.2}{\376\377\000P\000r\000i\000m\000i\000t\000i\000v\000e\000s\000\040\000d\000e\000\040\000n\000i\000v\000e\000a\000u\000\040\000i\000n\000t\000e\000r\000m\000\351\000d\000i\000a\000i\000r\000e}{section.18}% 38
\BOOKMARK [2][-]{subsection.18.3}{\376\377\000P\000r\000i\000m\000i\000t\000i\000v\000e\000s\000\040\000d\000e\000\040\000h\000a\000u\000t\000\040\000n\000i\000v\000e\000a\000u}{section.18}% 39
\BOOKMARK [1][-]{section.19}{\376\377\000O\000u\000v\000r\000i\000r\000\040\000u\000n\000e\000\040\000i\000m\000a\000g\000e\000\040\000s\000o\000u\000s\000\040\000O\000p\000e\000n\000C\000V\000\040\000e\000t\000\040\000a\000f\000f\000i\000c\000h\000e\000r\000\040\000s\000o\000n\000\040\000h\000i\000s\000t\000o\000g\000r\000a\000m\000m\000e}{}% 40
\BOOKMARK [1][-]{section.20}{\376\377\000C\000o\000u\000l\000e\000u\000r\000\040\000v\000e\000r\000s\000\040\000n\000i\000v\000e\000a\000u\000\040\000d\000e\000\040\000g\000r\000i\000s}{}% 41
\BOOKMARK [2][-]{subsection.20.1}{\376\377\000R\000V\000B\000\040\000v\000s\000\040\000N\000i\000v\000e\000a\000u\000\040\000d\000e\000\040\000g\000r\000i\000s}{section.20}% 42
\BOOKMARK [2][-]{subsection.20.2}{\376\377\000P\000l\000u\000s\000i\000e\000u\000r\000s\000\040\000m\000\351\000t\000h\000o\000d\000e\000s\000\040\000d\000e\000\040\000c\000o\000n\000v\000e\000r\000s\000i\000o\000n}{section.20}% 43
\BOOKMARK [3][-]{subsubsection.20.2.1}{\376\377\000M\000o\000y\000e\000n\000n\000e\000\040\000d\000e\000s\000\040\000c\000a\000n\000a\000u\000x\000\040\000R\000,\000V\000,\000B}{subsection.20.2}% 44
\BOOKMARK [3][-]{subsubsection.20.2.2}{\376\377\000P\000o\000n\000d\000\351\000r\000a\000t\000i\000o\000n\000\040\000e\000n\000\040\000f\000o\000n\000c\000t\000i\000o\000n\000\040\000d\000e\000\040\000l\000a\000\040\000p\000e\000r\000c\000e\000p\000t\000i\000o\000n\000\040\000h\000u\000m\000a\000i\000n\000e}{subsection.20.2}% 45
\BOOKMARK [3][-]{subsubsection.20.2.3}{\376\377\000U\000t\000i\000l\000i\000s\000a\000t\000i\000o\000n\000\040\000d\000'\000u\000n\000\040\000e\000s\000p\000a\000c\000e\000\040\000c\000o\000l\000o\000r\000i\000m\000\351\000t\000r\000i\000q\000u\000e\000\040\000d\000i\000f\000f\000\351\000r\000e\000n\000t}{subsection.20.2}% 46
\BOOKMARK [1][-]{section.21}{\376\377\000S\000e\000u\000i\000l\000l\000a\000g\000e\000\040\000e\000t\000\040\000b\000i\000n\000a\000r\000i\000s\000a\000t\000i\000o\000n}{}% 47
\BOOKMARK [2][-]{subsection.21.1}{\376\377\000M\000\351\000t\000h\000o\000d\000e\000\040\000c\000l\000a\000s\000s\000i\000q\000u\000e}{section.21}% 48
\BOOKMARK [2][-]{subsection.21.2}{\376\377\000M\000\351\000t\000h\000o\000d\000e\000\040\000d\000'\000O\000t\000s\000u}{section.21}% 49
\BOOKMARK [1][-]{section.22}{\376\377\000E\000r\000o\000s\000i\000o\000n\000,\000\040\000d\000i\000l\000a\000t\000a\000t\000i\000o\000n\000\040\000e\000t\000\040\000g\000r\000a\000d\000i\000e\000n\000t}{}% 50
\BOOKMARK [2][-]{subsection.22.1}{\376\377\000O\000p\000\351\000r\000a\000t\000i\000o\000n\000s\000\040\000d\000e\000\040\000p\000r\000\351\000-\000t\000r\000a\000i\000t\000e\000m\000e\000n\000t}{section.22}% 51
\BOOKMARK [2][-]{subsection.22.2}{\376\377\000E\000l\000\351\000m\000e\000n\000t\000s\000\040\000s\000t\000r\000u\000c\000t\000u\000r\000a\000n\000t\000s\000\040\000d\000'\000u\000n\000e\000\040\000c\000o\000n\000v\000o\000l\000u\000t\000i\000o\000n\000\040\000\050\000n\000o\000y\000a\000u\000\051}{section.22}% 52
\BOOKMARK [2][-]{subsection.22.3}{\376\377\000O\000p\000\351\000r\000a\000t\000i\000o\000n\000s\000\040\000d\000'\000\351\000r\000o\000s\000i\000o\000n\000\040\000e\000t\000\040\000d\000e\000\040\000d\000i\000l\000a\000t\000a\000t\000i\000o\000n}{section.22}% 53
\BOOKMARK [2][-]{subsection.22.4}{\376\377\000O\000p\000\351\000r\000a\000t\000i\000o\000n\000s\000\040\000d\000'\000o\000u\000v\000e\000r\000t\000u\000r\000e\000\040\000e\000t\000\040\000d\000e\000\040\000f\000e\000r\000m\000e\000t\000u\000r\000e}{section.22}% 54
\BOOKMARK [2][-]{subsection.22.5}{\376\377\000O\000p\000\351\000r\000a\000t\000i\000o\000n\000\040\000d\000e\000\040\000g\000r\000a\000d\000i\000e\000n\000t}{section.22}% 55
\BOOKMARK [1][-]{section.23}{\376\377\000L\000i\000s\000s\000a\000g\000e\000\040\000d\000u\000\040\000b\000r\000u\000i\000t}{}% 56
\BOOKMARK [2][-]{subsection.23.1}{\376\377\000G\000\351\000n\000\351\000r\000e\000r\000\040\000d\000u\000\040\000b\000r\000u\000i\000t\000\040\000s\000u\000r\000\040\000d\000e\000s\000\040\000i\000m\000a\000g\000e\000s}{section.23}% 57
\BOOKMARK [2][-]{subsection.23.2}{\376\377\000C\000o\000m\000p\000a\000r\000e\000r\000\040\000d\000i\000f\000f\000\351\000r\000e\000n\000t\000s\000\040\000f\000i\000l\000t\000r\000e\000s\000\040\000d\000e\000\040\000l\000i\000s\000s\000a\000g\000e}{section.23}% 58
\BOOKMARK [3][-]{subsubsection.23.2.1}{\376\377\000F\000i\000l\000t\000r\000e\000\040\000d\000e\000\040\000t\000y\000p\000e\000\040\000g\000a\000u\000s\000s\000i\000e\000n}{subsection.23.2}% 59
\BOOKMARK [3][-]{subsubsection.23.2.2}{\376\377\000F\000i\000l\000t\000r\000e\000\040\000d\000e\000\040\000t\000y\000p\000e\000\040\000m\000\351\000d\000i\000a\000n}{subsection.23.2}% 60
\BOOKMARK [3][-]{subsubsection.23.2.3}{\376\377\000F\000i\000l\000t\000r\000e\000\040\000d\000e\000\040\000t\000y\000p\000e\000\040\000m\000o\000y\000e\000n\000n\000e\000u\000r\000\040\000\050\000m\000e\000a\000n\000\040\000o\000u\000\040\000b\000o\000x\000\051}{subsection.23.2}% 61
\BOOKMARK [1][-]{section.24}{\376\377\000I\000s\000o\000l\000e\000r\000\040\000d\000e\000s\000\040\000\351\000l\000\351\000m\000e\000n\000t\000s\000\040\000d\000'\000u\000n\000e\000\040\000i\000m\000a\000g\000e\000\040\000g\000r\000\342\000c\000e\000\040\000\340\000\040\000d\000e\000s\000\040\000o\000p\000\351\000r\000a\000t\000i\000o\000n\000s\000\040\000l\000i\000n\000\351\000a\000i\000r\000e\000s}{}% 62
\BOOKMARK [1][-]{section.25}{\376\377\000D\000\351\000t\000e\000c\000t\000e\000r\000\040\000d\000e\000s\000\040\000c\000o\000n\000t\000o\000u\000r\000s\000\040\000e\000t\000\040\000d\000e\000s\000\040\000p\000o\000i\000n\000t\000s\000\040\000d\000'\000i\000n\000t\000\351\000r\000\352\000t}{}% 63
\BOOKMARK [2][-]{subsection.25.1}{\376\377\000D\000\351\000t\000e\000c\000t\000i\000o\000n\000\040\000d\000e\000\040\000c\000o\000i\000n\000s\000\040\000p\000a\000r\000\040\000l\000a\000\040\000m\000\351\000t\000h\000o\000d\000e\000\040\000d\000e\000\040\000H\000a\000r\000r\000i\000s}{section.25}% 64
\BOOKMARK [2][-]{subsection.25.2}{\376\377\000D\000\351\000t\000e\000c\000t\000i\000o\000n\000\040\000d\000e\000\040\000c\000o\000n\000t\000o\000u\000r\000\040\000p\000a\000r\000\040\000l\000a\000\040\000m\000\351\000t\000h\000o\000d\000e\000\040\000d\000e\000\040\000C\000a\000n\000n\000y}{section.25}% 65
\BOOKMARK [1][-]{section.26}{\376\377\000S\000e\000g\000m\000e\000n\000t\000e\000r\000\040\000u\000n\000e\000\040\000i\000m\000a\000g\000e\000\040\000p\000a\000r\000\040\000l\000a\000\040\000m\000\351\000t\000h\000o\000d\000e\000\040\000d\000e\000\040\000W\000a\000t\000e\000r\000s\000h\000e\000d}{}% 66
\BOOKMARK [2][-]{subsection.26.1}{\376\377\000O\000u\000v\000e\000r\000t\000u\000r\000e\000\040\000e\000t\000\040\000s\000e\000u\000i\000l\000l\000a\000g\000e}{section.26}% 67
\BOOKMARK [2][-]{subsection.26.2}{\376\377\000R\000\351\000d\000u\000c\000t\000i\000o\000n\000\040\000d\000u\000\040\000b\000r\000u\000i\000t}{section.26}% 68
\BOOKMARK [2][-]{subsection.26.3}{\376\377\000I\000d\000e\000n\000t\000i\000f\000i\000c\000a\000t\000i\000o\000n\000\040\000d\000e\000s\000\040\000z\000o\000n\000e\000s\000\040\000i\000n\000c\000o\000n\000n\000u\000e\000s}{section.26}% 69
\BOOKMARK [2][-]{subsection.26.4}{\376\377\000I\000d\000e\000n\000t\000i\000f\000i\000c\000a\000t\000i\000o\000n\000\040\000d\000e\000s\000\040\000o\000b\000j\000e\000t\000s}{section.26}% 70
\BOOKMARK [2][-]{subsection.26.5}{\376\377\000A\000p\000p\000l\000i\000c\000a\000t\000i\000o\000n\000\040\000d\000e\000\040\000l\000'\000a\000l\000g\000o\000r\000i\000t\000h\000m\000e\000\040\000d\000e\000\040\000W\000a\000t\000e\000r\000s\000h\000e\000d}{section.26}% 71
\BOOKMARK [1][-]{section.27}{\376\377\000I\000m\000a\000g\000e\000\040\000P\000r\000o\000c\000e\000s\000s\000i\000n\000g}{}% 72
