\BOOKMARK [1][]{section.1}{\376\377\000I\000n\000t\000r\000o\000d\000u\000c\000t\000i\000o\000n}{}% 1
\BOOKMARK [1][]{section.2}{\376\377\000D\000u\000\040\000b\000o\000n\000\040\000u\000s\000a\000g\000e\000\040\000d\000e\000\040\000C\000i\000r\000c\000u\000i\000t\000i\000k\000z}{}% 2
\BOOKMARK [2][]{subsection.2.1}{\376\377\000F\000l\000\350\000c\000h\000e\000s\000\040\000d\000e\000\040\000t\000e\000n\000s\000i\000o\000n\000\040\000d\000r\000o\000i\000t\000e\000s}{section.2}% 3
\BOOKMARK [2][]{subsection.2.2}{\376\377\000C\000o\000o\000r\000d\000o\000n\000n\000\351\000e\000s\000\040\000r\000e\000l\000a\000t\000i\000v\000e\000s}{section.2}% 4
\BOOKMARK [2][]{subsection.2.3}{\376\377\000M\000o\000d\000i\000f\000i\000c\000a\000t\000i\000o\000n\000\040\000d\000e\000\040\000l\000a\000\040\000t\000a\000i\000l\000l\000e\000\040\000d\000'\000u\000n\000\040\000c\000o\000m\000p\000o\000s\000a\000n\000t}{section.2}% 5
\BOOKMARK [2][]{subsection.2.4}{\376\377\000r\000o\000t\000a\000t\000i\000o\000n\000\040\000d\000'\000u\000n\000\040\000c\000o\000m\000p\000o\000s\000a\000n\000t}{section.2}% 6
\BOOKMARK [2][]{subsection.2.5}{\376\377\000U\000n\000\040\000p\000e\000u\000\040\000d\000e\000\040\000p\000r\000o\000g\000r\000a\000m\000m\000a\000t\000i\000o\000n}{section.2}% 7
\BOOKMARK [2][]{subsection.2.6}{\376\377\000P\000l\000a\000c\000e\000m\000e\000n\000t\000\040\000d\000e\000s\000\040\000v\000a\000l\000e\000u\000r\000s\000\040\000d\000e\000s\000\040\000c\000o\000m\000p\000o\000s\000a\000n\000t\000s}{section.2}% 8
\BOOKMARK [2][]{subsection.2.7}{\376\377\000C\000r\000\351\000a\000t\000i\000o\000n\000\040\000d\000'\000u\000n\000\040\000n\000o\000u\000v\000e\000a\000u\000\040\000c\000o\000m\000p\000o\000s\000a\000n\000t}{section.2}% 9
\BOOKMARK [1][]{section.3}{\376\377\000\311\000l\000e\000c\000t\000r\000o\000n\000i\000q\000u\000e}{}% 10
\BOOKMARK [2][]{subsection.3.1}{\376\377\000D\000i\000o\000d\000e\000s}{section.3}% 11
\BOOKMARK [2][]{subsection.3.2}{\376\377\000T\000r\000a\000n\000s\000i\000s\000t\000o\000r\000s\000\040\000b\000i\000p\000o\000l\000a\000i\000r\000e\000s}{section.3}% 12
\BOOKMARK [3][]{subsubsection.3.2.1}{\376\377\000T\000r\000a\000n\000s\000i\000s\000t\000o\000r\000\040\000N\000P\000N}{subsection.3.2}% 13
\BOOKMARK [3][]{subsubsection.3.2.2}{\376\377\000T\000r\000a\000n\000s\000i\000s\000t\000o\000r\000\040\000P\000N\000P}{subsection.3.2}% 14
\BOOKMARK [3][]{subsubsection.3.2.3}{\376\377\000T\000r\000a\000n\000s\000i\000s\000t\000o\000r\000\040\000a\000v\000e\000c\000\040\000u\000n\000e\000\040\000a\000l\000i\000m\000e\000n\000t\000a\000t\000i\000o\000n\000\040\000\340\000\040\000p\000o\000i\000n\000t\000\040\000m\000i\000l\000i\000e\000u}{subsection.3.2}% 15
\BOOKMARK [3][]{subsubsection.3.2.4}{\376\377\000T\000r\000a\000n\000s\000i\000s\000t\000o\000r\000\040\000a\000v\000e\000c\000\040\000d\000i\000o\000d\000e\000\040\000Z\000e\000n\000e\000r}{subsection.3.2}% 16
\BOOKMARK [3][]{subsubsection.3.2.5}{\376\377\000G\000\351\000n\000\351\000r\000a\000t\000e\000u\000r\000\040\000d\000e\000\040\000c\000o\000u\000r\000a\000n\000t}{subsection.3.2}% 17
\BOOKMARK [3][]{subsubsection.3.2.6}{\376\377\000B\000a\000s\000c\000u\000l\000e\000s\000\040\000\340\000\040\000t\000r\000a\000n\000s\000i\000s\000t\000o\000r\000s\000\040\000b\000i\000p\000o\000l\000a\000i\000r\000e\000s}{subsection.3.2}% 18
\BOOKMARK [3][]{subsubsection.3.2.7}{\376\377\000P\000o\000r\000t\000e\000\040\000l\000o\000g\000i\000q\000u\000e}{subsection.3.2}% 19
\BOOKMARK [3][]{subsubsection.3.2.8}{\376\377\000H\000a\000c\000h\000e\000u\000r\000\040\000s\000u\000r\000v\000o\000l\000t\000e\000u\000r}{subsection.3.2}% 20
\BOOKMARK [3][]{subsubsection.3.2.9}{\376\377\000A\000m\000p\000l\000i\000f\000i\000c\000a\000t\000e\000u\000r}{subsection.3.2}% 21
\BOOKMARK [2][]{subsection.3.3}{\376\377\000B\000a\000s\000c\000u\000l\000e\000s\000\040\000r\000\351\000a\000l\000i\000s\000\351\000e\000s\000\040\000a\000v\000e\000c\000\040\000d\000e\000s\000\040\000i\000n\000v\000e\000r\000s\000e\000u\000r\000s\000\040\000l\000o\000g\000i\000q\000u\000e\000s}{section.3}% 22
\BOOKMARK [2][]{subsection.3.4}{\376\377\000T\000r\000a\000n\000s\000i\000s\000t\000o\000r\000s\000\040\000\340\000\040\000e\000f\000f\000e\000t\000\040\000d\000e\000\040\000c\000h\000a\000m\000p\000\040\000\340\000\040\000g\000r\000i\000l\000l\000e\000\040\000i\000s\000o\000l\000\351\000e}{section.3}% 23
\BOOKMARK [1][]{section.4}{\376\377\000A\000m\000p\000l\000i\000f\000i\000c\000a\000t\000e\000u\000r\000\040\000o\000p\000\351\000r\000a\000t\000i\000o\000n\000n\000e\000l}{}% 24
\BOOKMARK [2][]{subsection.4.1}{\376\377\000S\000y\000m\000b\000o\000l\000\040\000e\000u\000r\000o\000p\000\351\000e\000n\000\040\000d\000e\000\040\000l\000'\000a\000m\000p\000l\000i\000-\000o\000p}{section.4}% 25
\BOOKMARK [2][]{subsection.4.2}{\376\377\000A\000u\000t\000r\000e\000s\000\040\000s\000c\000h\000\351\000m\000a\000s}{section.4}% 26
\BOOKMARK [1][]{section.5}{\376\377\000\311\000l\000e\000c\000t\000r\000i\000c\000i\000t\000\351}{}% 27
\BOOKMARK [2][]{subsection.5.1}{\376\377\000C\000o\000n\000t\000i\000n\000u}{section.5}% 28
\BOOKMARK [2][]{subsection.5.2}{\376\377\000A\000l\000t\000e\000r\000n\000a\000t\000i\000f}{section.5}% 29
\BOOKMARK [1][]{section.6}{\376\377\000A\000u\000t\000o\000m\000a\000t\000i\000q\000u\000e}{}% 30
\BOOKMARK [2][]{subsection.6.1}{\376\377\000L\000o\000g\000i\000g\000r\000a\000m\000m\000e}{section.6}% 31
\BOOKMARK [2][]{subsection.6.2}{\376\377\000T\000a\000b\000l\000e\000a\000u\000x\000\040\000d\000e\000\040\000K\000a\000r\000n\000a\000u\000g\000h}{section.6}% 32
\BOOKMARK [2][]{subsection.6.3}{\376\377\000G\000r\000a\000f\000c\000e\000t}{section.6}% 33
\BOOKMARK [2][]{subsection.6.4}{\376\377\000L\000a\000d\000d\000e\000r}{section.6}% 34
